9/12/2023  2:47 PM
Units: N
Readings: Continuous
X-Axis: Travel
Travel Unit: mm
Reading	Load	Travel	Time
1	0.7	0.000	0.000
2	0.5	0.000	0.100
3	0.4	0.000	0.150
4	0.3	0.000	0.200
5	0.3	0.000	0.250
6	0.1	0.000	0.300
7	-0.1	0.000	0.350
8	-0.3	0.000	0.400
9	-0.3	0.000	0.450
10	-0.4	0.000	0.500
11	-0.6	0.000	0.551
12	-0.7	0.020	0.600
13	-0.9	0.020	0.650
14	-0.9	0.020	0.701
15	-0.8	0.020	0.750
16	-1.1	0.020	0.800
17	-1.2	0.020	0.850
18	-1.1	0.020	0.900
19	-1.2	0.020	0.950
20	-1.3	0.020	1.000
21	-1.5	0.020	1.050
22	-1.7	0.020	1.100
23	-1.7	0.020	1.150
24	-1.5	0.020	1.200
25	-1.9	0.020	1.250
26	-2.0	0.020	1.300
27	-1.7	0.020	1.350
28	-1.8	0.020	1.400
29	-2.1	0.020	1.450
30	-2.2	0.020	1.500
31	-2.2	0.040	1.550
32	-2.1	0.040	1.601
33	-2.3	0.040	1.650
34	-2.5	0.040	1.700
35	-2.4	0.040	1.750
36	-2.5	0.040	1.800
37	-2.5	0.040	1.850
38	-2.6	0.040	1.900
39	-2.6	0.040	1.950
40	-2.6	0.040	2.001
41	-2.7	0.040	2.050
42	-2.6	0.040	2.100
43	-2.7	0.060	2.150
44	-2.6	0.060	2.200
45	-2.6	0.060	2.250
46	-2.7	0.060	2.300
47	-2.7	0.060	2.350
48	-2.8	0.060	2.400
49	-2.7	0.060	2.450
50	-2.7	0.060	2.500
51	-2.7	0.060	2.550
52	-2.8	0.060	2.600
53	-2.8	0.060	2.650
54	-2.8	0.060	2.700
55	-2.7	0.060	2.750
56	-2.8	0.060	2.800
57	-2.8	0.060	2.850
58	-2.8	0.060	2.900
59	-2.8	0.060	2.950
60	-2.7	0.060	3.001
61	-2.7	0.100	3.050
62	-2.9	0.100	3.101
63	-2.8	0.100	3.150
64	-2.8	0.100	3.200
65	-2.8	0.100	3.250
66	-2.8	0.100	3.300
67	-2.8	0.100	3.350
68	-2.7	0.100	3.400
69	-2.8	0.100	3.450
70	-2.8	0.100	3.500
71	-2.9	0.100	3.550
72	-2.9	0.100	3.600
73	-2.8	0.120	3.650
74	-2.9	0.120	3.700
75	-2.9	0.120	3.750
76	-2.9	0.120	3.801
77	-2.9	0.120	3.851
78	-2.9	0.120	3.900
79	-2.9	0.120	3.950
80	-2.9	0.120	4.000
81	-2.9	0.120	4.050
82	-2.9	0.120	4.100
83	-2.8	0.120	4.150
84	-2.8	0.120	4.200
85	-2.9	0.120	4.250
86	-2.9	0.120	4.300
87	-2.9	0.120	4.350
88	-2.8	0.120	4.400
89	-2.9	0.120	4.450
90	-2.9	0.120	4.500
91	-2.9	0.140	4.550
92	-2.8	0.140	4.600
93	-2.8	0.140	4.650
94	-2.9	0.140	4.700
95	-2.9	0.140	4.750
96	-2.9	0.140	4.800
97	-2.8	0.140	4.850
98	-2.8	0.140	4.900
99	-2.9	0.140	4.950
100	-2.9	0.140	5.000
101	-2.9	0.140	5.050
102	-2.8	0.140	5.100
103	-2.9	0.160	5.150
104	-2.8	0.160	5.200
105	-2.9	0.160	5.250
106	-2.9	0.160	5.301
107	-2.8	0.160	5.350
108	-2.8	0.160	5.400
109	-2.9	0.160	5.450
110	-2.9	0.160	5.500
111	-2.9	0.160	5.550
112	-2.9	0.160	5.600
113	-2.9	0.160	5.650
114	-3.0	0.160	5.700
115	-2.9	0.160	5.750
116	-2.9	0.160	5.800
117	-3.0	0.160	5.850
118	-3.1	0.160	5.900
119	-3.1	0.160	5.951
120	-3.0	0.160	6.000
121	-3.0	0.200	6.050
122	-3.1	0.200	6.101
123	-3.1	0.200	6.150
124	-3.1	0.200	6.200
125	-3.1	0.200	6.250
126	-3.1	0.200	6.301
127	-3.1	0.200	6.351
128	-3.2	0.200	6.400
129	-3.1	0.200	6.450
130	-3.1	0.200	6.500
131	-3.2	0.200	6.550
132	-3.2	0.220	6.600
133	-3.2	0.220	6.650
134	-3.2	0.220	6.700
135	-3.2	0.220	6.750
136	-3.3	0.220	6.800
137	-3.3	0.220	6.850
138	-3.3	0.220	6.900
139	-3.3	0.220	6.950
140	-3.3	0.220	7.000
141	-3.3	0.220	7.050
142	-3.4	0.220	7.100
143	-3.4	0.220	7.150
144	-3.3	0.220	7.200
145	-3.4	0.220	7.250
146	-3.4	0.220	7.300
147	-3.4	0.220	7.350
148	-3.4	0.220	7.400
149	-3.4	0.220	7.450
150	-3.4	0.220	7.500
151	-3.5	0.240	7.550
152	-3.4	0.240	7.600
153	-3.4	0.240	7.650
154	-3.4	0.240	7.701
155	-3.5	0.240	7.750
156	-3.5	0.240	7.800
157	-3.5	0.240	7.850
158	-3.5	0.240	7.900
159	-3.5	0.240	7.950
160	-3.5	0.240	8.000
161	-3.5	0.240	8.050
162	-3.5	0.240	8.100
163	-3.5	0.260	8.150
164	-3.5	0.260	8.200
165	-3.6	0.260	8.250
166	-3.6	0.260	8.300
167	-3.5	0.260	8.350
168	-3.5	0.260	8.400
169	-3.6	0.260	8.450
170	-3.6	0.260	8.500
171	-3.6	0.260	8.550
172	-3.6	0.260	8.600
173	-3.6	0.260	8.650
174	-3.6	0.260	8.700
175	-3.7	0.260	8.750
176	-3.7	0.260	8.800
177	-3.6	0.260	8.850
178	-3.6	0.260	8.900
179	-3.7	0.260	8.950
180	-3.7	0.260	9.000
181	-3.7	0.300	9.050
182	-3.7	0.300	9.100
183	-3.7	0.300	9.150
184	-3.8	0.300	9.200
185	-3.7	0.300	9.250
186	-3.7	0.300	9.300
187	-3.8	0.300	9.350
188	-3.8	0.300	9.400
189	-3.9	0.300	9.450
190	-3.9	0.300	9.501
191	-3.8	0.300	9.550
192	-3.9	0.300	9.600
193	-3.9	0.300	9.650
194	-3.9	0.300	9.701
195	-3.9	0.300	9.750
196	-4.0	0.300	9.800
197	-4.0	0.300	9.850
198	-4.0	0.300	9.901
199	-4.0	0.320	9.951
200	-4.1	0.320	10.000
201	-4.0	0.320	10.050
202	-4.0	0.320	10.100
203	-4.0	0.320	10.150
204	-4.1	0.320	10.201
205	-4.2	0.320	10.250
206	-4.2	0.320	10.301
207	-4.1	0.320	10.350
208	-4.2	0.320	10.401
209	-4.2	0.320	10.450
210	-4.1	0.320	10.500
211	-4.2	0.340	10.550
212	-4.3	0.340	10.600
213	-4.3	0.340	10.650
214	-4.2	0.340	10.700
215	-4.3	0.340	10.750
216	-4.4	0.340	10.800
217	-4.4	0.340	10.850
218	-4.4	0.340	10.900
219	-4.4	0.340	10.950
220	-4.4	0.340	11.000
221	-4.5	0.340	11.052
222	-4.5	0.340	11.100
223	-4.6	0.340	11.150
224	-4.5	0.340	11.200
225	-4.6	0.340	11.250
226	-4.7	0.340	11.300
227	-4.7	0.340	11.350
228	-4.6	0.340	11.400
229	-4.6	0.380	11.450
230	-4.8	0.380	11.500
231	-4.8	0.380	11.550
232	-4.8	0.380	11.600
233	-4.8	0.380	11.650
234	-4.8	0.380	11.700
235	-4.8	0.380	11.750
236	-4.9	0.380	11.800
237	-4.9	0.380	11.850
238	-4.8	0.380	11.900
239	-4.9	0.380	11.950
240	-5.0	0.380	12.000
241	-5.0	0.380	12.050
242	-5.0	0.400	12.100
243	-5.0	0.400	12.150
244	-5.1	0.400	12.200
245	-5.1	0.400	12.250
246	-5.2	0.400	12.300
247	-5.1	0.400	12.350
248	-5.2	0.400	12.400
249	-5.2	0.400	12.450
250	-5.3	0.400	12.500
251	-5.3	0.400	12.550
252	-5.3	0.400	12.600
253	-5.3	0.400	12.650
254	-5.3	0.400	12.700
255	-5.4	0.400	12.750
256	-5.3	0.400	12.800
257	-5.4	0.400	12.850
258	-5.4	0.400	12.900
259	-5.4	0.400	12.950
260	-5.5	0.420	13.000
261	-5.5	0.420	13.050
262	-5.4	0.420	13.100
263	-5.5	0.420	13.150
264	-5.6	0.420	13.201
265	-5.6	0.420	13.250
266	-5.6	0.420	13.300
267	-5.6	0.420	13.350
268	-5.7	0.420	13.400
269	-5.8	0.420	13.450
270	-5.8	0.420	13.500
271	-5.8	0.420	13.550
272	-5.4	0.440	13.600
273	-5.6	0.440	13.650
274	-5.6	0.440	13.700
275	-5.6	0.440	13.750
276	-5.6	0.440	13.800
277	-5.7	0.440	13.850
278	-5.8	0.440	13.900
279	-5.9	0.440	13.950
280	-5.8	0.440	14.000
281	-6.0	0.440	14.051
282	-6.0	0.440	14.100
283	-6.1	0.440	14.150
284	-6.1	0.440	14.200
285	-6.0	0.440	14.250
286	-6.1	0.440	14.300
287	-6.3	0.440	14.350
288	-6.3	0.440	14.400
289	-6.3	0.440	14.450
290	-6.3	0.440	14.500
291	-6.4	0.480	14.550
292	-6.5	0.480	14.600
293	-6.5	0.480	14.650
294	-6.5	0.480	14.700
295	-6.5	0.480	14.750
296	-6.5	0.480	14.800
297	-6.8	0.480	14.850
298	-6.7	0.480	14.900
299	-6.7	0.480	14.950
300	-6.7	0.480	15.000
301	-6.8	0.480	15.050
302	-7.0	0.480	15.100
303	-6.9	0.500	15.150
304	-7.0	0.500	15.200
305	-7.1	0.500	15.250
306	-7.1	0.500	15.300
307	-7.2	0.500	15.350
308	-7.2	0.500	15.400
309	-7.0	0.500	15.451
310	-7.2	0.500	15.500
311	-7.2	0.500	15.550
312	-7.4	0.500	15.600
313	-7.5	0.500	15.650
314	-7.4	0.500	15.700
315	-7.4	0.500	15.750
316	-7.6	0.500	15.800
317	-7.6	0.500	15.850
318	-7.6	0.500	15.900
319	-7.6	0.500	15.950
320	-7.8	0.500	16.000
321	-8.0	0.520	16.050
322	-7.9	0.520	16.100
323	-8.0	0.520	16.150
324	-8.0	0.520	16.200
325	-8.0	0.520	16.250
326	-8.1	0.520	16.301
327	-8.1	0.520	16.350
328	-8.1	0.520	16.400
329	-8.3	0.520	16.450
330	-8.3	0.520	16.500
331	-8.4	0.520	16.550
332	-8.5	0.520	16.600
333	-8.3	0.540	16.650
334	-8.6	0.540	16.700
335	-8.5	0.540	16.750
336	-8.6	0.540	16.801
337	-8.6	0.540	16.850
338	-8.8	0.540	16.901
339	-8.8	0.540	16.950
340	-8.8	0.540	17.000
341	-8.8	0.540	17.050
342	-8.8	0.540	17.100
343	-8.9	0.540	17.150
344	-9.0	0.540	17.200
345	-9.1	0.540	17.250
346	-8.9	0.540	17.300
347	-9.1	0.540	17.350
348	-9.1	0.540	17.400
349	-9.2	0.540	17.450
350	-9.2	0.540	17.500
351	-9.1	0.540	17.550
352	-9.2	0.580	17.600
353	-9.4	0.580	17.650
354	-9.4	0.580	17.700
355	-9.4	0.580	17.750
356	-9.6	0.580	17.800
357	-9.5	0.580	17.850
358	-9.7	0.580	17.901
359	-9.7	0.580	17.950
360	-9.6	0.580	18.000
361	-9.6	0.580	18.050
362	-9.8	0.580	18.100
363	-9.9	0.580	18.150
364	-9.8	0.580	18.200
365	-9.8	0.600	18.250
366	-9.9	0.600	18.300
367	-10.1	0.600	18.350
368	-10.1	0.600	18.400
369	-9.9	0.600	18.450
370	-9.9	0.600	18.500
371	-10.2	0.600	18.550
372	-10.2	0.600	18.600
373	-10.3	0.600	18.650
374	-10.2	0.600	18.700
375	-10.1	0.600	18.750
376	-10.2	0.600	18.800
377	-10.4	0.600	18.850
378	-10.4	0.600	18.900
379	-10.3	0.600	18.950
380	-10.4	0.600	19.000
381	-10.5	0.600	19.050
382	-10.7	0.600	19.100
383	-10.6	0.620	19.150
384	-10.5	0.620	19.200
385	-10.6	0.620	19.250
386	-10.8	0.620	19.300
387	-10.8	0.620	19.350
388	-10.9	0.620	19.400
389	-10.8	0.620	19.450
390	-10.9	0.620	19.500
391	-11.1	0.620	19.550
392	-11.0	0.620	19.600
393	-10.8	0.620	19.650
394	-10.9	0.620	19.700
395	-11.1	0.620	19.750
396	-11.2	0.620	19.800
397	-11.2	0.620	19.850
398	-11.0	0.620	19.900
399	-11.2	0.620	19.950
400	-11.4	0.620	20.000
401	-11.4	0.660	20.050
402	-11.3	0.660	20.100
403	-11.2	0.660	20.150
404	-11.4	0.660	20.200
405	-11.5	0.660	20.250
406	-11.6	0.660	20.300
407	-11.4	0.660	20.350
408	-11.4	0.660	20.400
409	-11.6	0.660	20.450
410	-11.8	0.660	20.500
411	-11.7	0.660	20.550
412	-11.6	0.660	20.600
413	-11.7	0.660	20.650
414	-11.9	0.680	20.700
415	-12.0	0.680	20.751
416	-11.9	0.680	20.800
417	-11.7	0.680	20.850
418	-11.8	0.680	20.900
419	-12.0	0.680	20.950
420	-12.1	0.680	21.000
421	-12.0	0.680	21.051
422	-11.9	0.680	21.100
423	-12.1	0.680	21.150
424	-12.3	0.680	21.200
425	-12.2	0.680	21.250
426	-12.1	0.680	21.300
427	-12.0	0.680	21.351
428	-9.8	0.680	21.401
429	-12.2	0.680	21.450
430	-12.5	0.680	21.500
431	-12.2	0.680	21.550
432	-12.3	0.700	21.600
433	-12.4	0.700	21.650
434	-12.6	0.700	21.701
435	-12.5	0.700	21.750
436	-12.5	0.700	21.800
437	-12.5	0.700	21.850
438	-12.8	0.700	21.900
439	-15.0	0.700	21.950
440	-12.6	0.700	22.001
441	-12.5	0.700	22.050
442	-12.8	0.700	22.100
443	-12.9	0.700	22.150
444	-13.0	0.720	22.200
445	-12.7	0.720	22.251
446	-12.8	0.720	22.300
447	-13.0	0.720	22.350
448	-13.1	0.720	22.400
449	-13.1	0.720	22.450
450	-12.9	0.720	22.500
451	-10.7	0.720	22.550
452	-13.3	0.720	22.600
453	-13.3	0.720	22.650
454	-13.2	0.720	22.700
455	-13.3	0.720	22.750
456	-13.3	0.720	22.800
457	-13.4	0.720	22.850
458	-13.5	0.720	22.900
459	-13.3	0.720	22.950
460	-13.4	0.720	23.000
461	-13.5	0.720	23.050
462	-13.7	0.760	23.100
463	-16.2	0.760	23.150
464	-13.8	0.760	23.200
465	-13.5	0.760	23.250
466	-13.8	0.760	23.300
467	-13.9	0.760	23.350
468	-13.8	0.760	23.401
469	-13.7	0.760	23.450
470	-13.8	0.760	23.500
471	-14.1	0.760	23.550
472	-14.0	0.760	23.600
473	-13.8	0.760	23.650
474	-11.6	0.780	23.700
475	-13.9	0.780	23.750
476	-14.2	0.780	23.800
477	-14.2	0.780	23.850
478	-14.1	0.780	23.901
479	-14.1	0.780	23.950
480	-14.3	0.780	24.000
481	-14.4	0.780	24.050
482	-14.4	0.780	24.100
483	-14.3	0.780	24.150
484	-14.3	0.780	24.200
485	-14.6	0.780	24.250
486	-17.1	0.780	24.300
487	-14.8	0.780	24.351
488	-14.4	0.780	24.400
489	-14.5	0.780	24.451
490	-14.6	0.780	24.500
491	-14.8	0.780	24.550
492	-14.7	0.780	24.600
493	-12.2	0.800	24.650
494	-14.8	0.800	24.700
495	-15.0	0.800	24.750
496	-15.0	0.800	24.800
497	-14.8	0.800	24.850
498	-12.6	0.800	24.900
499	-15.0	0.800	24.950
500	-15.3	0.800	25.000
501	-15.1	0.800	25.050
502	-15.0	0.800	25.100
503	-15.1	0.800	25.150
504	-15.4	0.820	25.201
505	-15.3	0.820	25.251
506	-15.5	0.820	25.300
507	-15.3	0.820	25.350
508	-15.5	0.820	25.400
509	-15.7	0.820	25.450
510	-17.9	0.820	25.500
511	-15.4	0.820	25.550
512	-15.4	0.820	25.601
513	-15.6	0.820	25.650
514	-15.8	0.820	25.701
515	-15.8	0.820	25.750
516	-15.6	0.820	25.801
517	-15.6	0.820	25.850
518	-16.0	0.820	25.900
519	-18.2	0.820	25.950
520	-15.9	0.820	26.000
521	-15.7	0.820	26.050
522	-15.9	0.860	26.100
523	-13.2	0.860	26.151
524	-16.1	0.860	26.200
525	-15.9	0.860	26.250
526	-15.9	0.860	26.300
527	-16.2	0.860	26.350
528	-16.3	0.860	26.400
529	-16.3	0.860	26.450
530	-16.1	0.860	26.501
531	-16.2	0.860	26.550
532	-16.5	0.860	26.600
533	-16.5	0.860	26.650
534	-19.0	0.880	26.700
535	-16.2	0.880	26.750
536	-16.4	0.880	26.800
537	-16.6	0.880	26.850
538	-16.6	0.880	26.900
539	-16.5	0.880	26.950
540	-16.4	0.880	27.000
541	-14.4	0.880	27.050
542	-16.8	0.880	27.100
543	-19.2	0.880	27.150
544	-16.5	0.880	27.200
545	-14.2	0.880	27.250
546	-16.9	0.880	27.301
547	-14.5	0.880	27.350
548	-16.8	0.880	27.400
549	-16.7	0.880	27.450
550	-16.8	0.880	27.500
551	-16.9	0.880	27.550
552	-17.1	0.880	27.600
553	-17.0	0.900	27.650
554	-16.9	0.900	27.701
555	-17.0	0.900	27.750
556	-19.9	0.900	27.800
557	-19.7	0.900	27.850
558	-17.0	0.900	27.900
559	-14.6	0.900	27.950
560	-17.3	0.900	28.000
561	-17.4	0.900	28.050
562	-19.7	0.900	28.100
563	-17.2	0.900	28.151
564	-17.1	0.900	28.200
565	-17.5	0.920	28.250
566	-17.0	0.920	28.300
567	-16.6	0.920	28.350
568	-14.3	0.920	28.400
569	-16.8	0.920	28.450
570	-19.1	0.920	28.500
571	-16.9	0.920	28.550
572	-16.7	0.920	28.600
573	-16.8	0.920	28.650
574	-17.0	0.920	28.700
575	-17.2	0.920	28.750
576	-17.1	0.920	28.800
577	-17.0	0.920	28.850
578	-17.2	0.920	28.900
579	-17.4	0.920	28.950
580	-20.0	0.920	29.001
581	-17.4	0.920	29.050
582	-15.0	0.920	29.100
583	-17.4	0.960	29.150
584	-17.7	0.960	29.200
585	-17.7	0.960	29.250
586	-17.5	0.960	29.301
587	-17.5	0.960	29.350
588	-17.9	0.960	29.400
589	-18.0	0.960	29.450
590	-17.9	0.960	29.500
591	-17.7	0.960	29.550
592	-17.9	0.960	29.600
593	-18.1	0.960	29.651
594	-18.1	0.960	29.700
595	-18.0	0.960	29.750
596	-17.8	0.960	29.800
597	-17.9	0.960	29.850
598	-18.3	0.960	29.900
599	-18.2	0.960	29.950
600	-18.2	0.960	30.000
601	-18.0	0.980	30.051
602	-16.0	0.980	30.100
603	-18.5	0.980	30.150
604	-20.5	0.980	30.200
605	-18.1	0.980	30.250
606	-18.3	0.980	30.301
607	-18.3	0.980	30.350
608	-18.5	0.980	30.400
609	-20.8	0.980	30.450
610	-18.2	0.980	30.500
611	-18.4	0.980	30.550
612	-18.6	0.980	30.600
613	-18.5	1.000	30.650
614	-18.2	1.000	30.700
615	-18.0	1.000	30.750
616	-18.2	1.000	30.800
617	-18.2	1.000	30.850
618	-18.0	1.000	30.900
619	-17.4	1.000	30.950
620	-16.6	1.000	31.000
621	-16.2	1.000	31.050
622	-16.1	1.000	31.100
623	-15.9	1.000	31.150
624	-15.8	1.000	31.200
625	-15.8	1.000	31.250
626	-16.0	1.000	31.300
627	-18.2	1.000	31.350
628	-15.7	1.000	31.400
629	-15.6	1.000	31.450
630	-15.7	1.040	31.501
631	-16.0	1.040	31.550
632	-16.0	1.040	31.600
633	-15.8	1.040	31.650
634	-13.5	1.040	31.700
635	-16.0	1.040	31.750
636	-16.3	1.040	31.800
637	-16.0	1.040	31.850
638	-15.9	1.040	31.900
639	-13.5	1.040	31.950
640	-16.3	1.040	32.000
641	-16.4	1.040	32.050
642	-16.2	1.060	32.100
643	-16.2	1.060	32.150
644	-16.3	1.060	32.200
645	-16.5	1.060	32.250
646	-16.5	1.060	32.300
647	-16.5	1.060	32.350
648	-16.5	1.060	32.400
649	-16.7	1.060	32.450
650	-17.0	1.060	32.500
651	-19.4	1.060	32.550
652	-16.7	1.060	32.600
653	-16.8	1.060	32.650
654	-17.0	1.060	32.700
655	-17.2	1.060	32.750
656	-17.3	1.060	32.800
657	-17.1	1.060	32.850
658	-17.2	1.060	32.900
659	-17.4	1.060	32.950
660	-17.7	1.060	33.000
661	-17.7	1.080	33.050
662	-17.5	1.080	33.100
663	-17.6	1.080	33.150
664	-17.9	1.080	33.200
665	-18.1	1.080	33.250
666	-17.9	1.080	33.300
667	-17.9	1.080	33.350
668	-18.1	1.080	33.400
669	-18.3	1.080	33.450
670	-18.4	1.080	33.500
671	-18.3	1.080	33.550
672	-18.3	1.100	33.600
673	-18.5	1.100	33.650
674	-18.7	1.100	33.700
675	-18.8	1.100	33.750
676	-18.6	1.100	33.800
677	-18.7	1.100	33.850
678	-18.9	1.100	33.900
679	-19.0	1.100	33.950
680	-19.1	1.100	34.000
681	-19.0	1.100	34.050
682	-19.1	1.100	34.100
683	-19.3	1.100	34.150
684	-19.5	1.100	34.200
685	-19.4	1.100	34.250
686	-19.4	1.100	34.300
687	-19.5	1.100	34.350
688	-19.7	1.100	34.400
689	-19.8	1.100	34.450
690	-19.8	1.100	34.500
691	-19.8	1.140	34.550
692	-19.9	1.140	34.600
693	-20.1	1.140	34.650
694	-20.2	1.140	34.700
695	-20.1	1.140	34.750
696	-20.2	1.140	34.800
697	-20.3	1.140	34.851
698	-20.5	1.140	34.901
699	-20.5	1.140	34.950
700	-20.4	1.140	35.000
701	-20.5	1.140	35.050
702	-20.7	1.160	35.100
703	-20.9	1.160	35.150
704	-20.9	1.160	35.200
705	-20.8	1.160	35.251
706	-20.9	1.160	35.300
707	-21.2	1.160	35.350
708	-21.3	1.160	35.400
709	-21.2	1.160	35.450
710	-21.3	1.160	35.500
711	-21.5	1.160	35.550
712	-21.6	1.160	35.600
713	-21.6	1.160	35.650
714	-21.7	1.160	35.700
715	-21.7	1.160	35.750
716	-21.8	1.160	35.800
717	-22.0	1.160	35.850
718	-22.0	1.160	35.900
719	-22.0	1.160	35.950
720	-22.1	1.180	36.000
721	-22.3	1.180	36.050
722	-22.3	1.180	36.101
723	-22.4	1.180	36.150
724	-22.3	1.180	36.200
725	-22.4	1.180	36.250
726	-22.5	1.180	36.300
727	-22.6	1.180	36.350
728	-22.6	1.180	36.400
729	-22.7	1.180	36.450
730	-22.8	1.180	36.500
731	-23.0	1.180	36.550
732	-23.0	1.200	36.600
733	-23.0	1.200	36.650
734	-23.1	1.200	36.700
735	-23.3	1.200	36.750
736	-23.3	1.200	36.800
737	-23.4	1.200	36.850
738	-23.5	1.200	36.900
739	-23.4	1.200	36.950
740	-23.6	1.200	37.001
741	-23.7	1.200	37.050
742	-23.7	1.200	37.100
743	-23.7	1.200	37.150
744	-23.9	1.200	37.200
745	-24.0	1.200	37.250
746	-24.0	1.200	37.300
747	-24.0	1.200	37.350
748	-24.1	1.200	37.400
749	-24.2	1.200	37.450
750	-24.4	1.240	37.500
751	-24.4	1.240	37.550
752	-24.3	1.240	37.600
753	-24.5	1.240	37.650
754	-24.6	1.240	37.700
755	-24.7	1.240	37.750
756	-24.7	1.240	37.800
757	-24.7	1.240	37.851
758	-24.9	1.240	37.900
759	-25.0	1.240	37.950
760	-25.1	1.240	38.001
761	-25.0	1.260	38.050
762	-25.1	1.260	38.100
763	-25.3	1.260	38.150
764	-25.4	1.260	38.200
765	-25.4	1.260	38.250
766	-25.4	1.260	38.300
767	-25.5	1.260	38.350
768	-25.7	1.260	38.400
769	-25.7	1.260	38.451
770	-25.8	1.260	38.500
771	-25.7	1.260	38.550
772	-25.8	1.260	38.600
773	-26.0	1.260	38.650
774	-26.1	1.260	38.700
775	-26.0	1.260	38.750
776	-26.1	1.260	38.800
777	-26.3	1.260	38.851
778	-26.4	1.260	38.900
779	-26.4	1.260	38.950
780	-26.4	1.280	39.000
781	-26.5	1.280	39.051
782	-26.6	1.280	39.100
783	-26.8	1.280	39.150
784	-26.7	1.280	39.200
785	-26.8	1.280	39.250
786	-27.0	1.280	39.301
787	-27.0	1.280	39.350
788	-27.1	1.280	39.400
789	-27.1	1.280	39.450
790	-27.1	1.280	39.501
791	-27.3	1.280	39.550
792	-27.4	1.280	39.600
793	-27.5	1.280	39.650
794	-27.4	1.280	39.700
795	-27.5	1.280	39.751
796	-27.6	1.280	39.800
797	-27.8	1.280	39.851
798	-27.8	1.320	39.900
799	-27.8	1.320	39.950
800	-27.9	1.320	40.000
801	-28.1	1.320	40.050
802	-28.2	1.320	40.100
803	-28.1	1.320	40.150
804	-28.2	1.320	40.200
805	-28.3	1.320	40.250
806	-28.5	1.320	40.300
807	-28.5	1.320	40.350
808	-28.5	1.320	40.400
809	-28.7	1.320	40.451
810	-28.7	1.340	40.500
811	-28.8	1.340	40.550
812	-28.9	1.340	40.600
813	-28.9	1.340	40.650
814	-29.0	1.340	40.700
815	-29.1	1.340	40.750
816	-29.2	1.340	40.800
817	-29.2	1.340	40.850
818	-29.2	1.340	40.900
819	-29.3	1.340	40.950
820	-29.5	1.340	41.000
821	-29.6	1.340	41.050
822	-29.7	1.340	41.101
823	-29.7	1.340	41.151
824	-29.8	1.340	41.200
825	-29.9	1.340	41.250
826	-30.0	1.340	41.301
827	-30.0	1.360	41.350
828	-30.2	1.360	41.401
829	-30.2	1.360	41.450
830	-30.3	1.360	41.500
831	-30.4	1.360	41.551
832	-30.4	1.360	41.600
833	-30.5	1.360	41.650
834	-30.6	1.360	41.700
835	-30.7	1.360	41.750
836	-30.7	1.360	41.800
837	-30.9	1.360	41.850
838	-30.9	1.360	41.900
839	-31.1	1.360	41.950
840	-31.0	1.380	42.000
841	-31.1	1.380	42.050
842	-31.1	1.380	42.100
843	-31.3	1.380	42.150
844	-31.4	1.380	42.200
845	-31.4	1.380	42.250
846	-31.5	1.380	42.301
847	-31.6	1.380	42.350
848	-31.7	1.380	42.400
849	-31.8	1.380	42.450
850	-31.8	1.380	42.500
851	-31.9	1.380	42.550
852	-32.0	1.380	42.600
853	-32.2	1.380	42.650
854	-32.2	1.380	42.700
855	-32.2	1.380	42.750
856	-32.2	1.380	42.800
857	-32.4	1.380	42.850
858	-32.5	1.420	42.900
859	-32.5	1.420	42.950
860	-32.5	1.420	43.000
861	-32.6	1.420	43.050
862	-32.8	1.420	43.100
863	-32.9	1.420	43.150
864	-32.9	1.420	43.201
865	-32.9	1.420	43.250
866	-33.0	1.420	43.300
867	-33.2	1.420	43.350
868	-33.3	1.420	43.400
869	-33.2	1.420	43.451
870	-33.3	1.440	43.500
871	-33.4	1.440	43.550
872	-33.5	1.440	43.600
873	-33.5	1.440	43.650
874	-33.6	1.440	43.700
875	-33.7	1.440	43.750
876	-33.8	1.440	43.800
877	-33.9	1.440	43.850
878	-34.0	1.440	43.900
879	-34.0	1.440	43.950
880	-34.1	1.440	44.000
881	-34.2	1.440	44.050
882	-34.3	1.440	44.100
883	-34.3	1.440	44.150
884	-34.3	1.440	44.200
885	-34.5	1.440	44.250
886	-34.6	1.440	44.301
887	-34.7	1.440	44.350
888	-34.6	1.440	44.400
889	-34.7	1.460	44.450
890	-34.8	1.460	44.500
891	-35.0	1.460	44.550
892	-35.0	1.460	44.601
893	-35.0	1.460	44.650
894	-35.1	1.460	44.700
895	-35.3	1.460	44.751
896	-35.4	1.460	44.800
897	-35.4	1.460	44.850
898	-35.4	1.460	44.900
899	-35.6	1.460	44.950
900	-35.7	1.460	45.000
901	-35.8	1.480	45.050
902	-35.7	1.480	45.100
903	-35.8	1.480	45.150
904	-35.9	1.480	45.200
905	-36.0	1.480	45.250
906	-36.2	1.480	45.300
907	-36.1	1.480	45.350
908	-36.2	1.480	45.401
909	-36.4	1.480	45.451
910	-36.5	1.480	45.500
911	-36.5	1.480	45.550
912	-36.5	1.480	45.600
913	-36.6	1.480	45.650
914	-36.7	1.480	45.700
915	-36.8	1.480	45.750
916	-36.8	1.480	45.801
917	-36.9	1.480	45.850
918	-37.0	1.480	45.900
919	-37.2	1.520	45.950
920	-37.2	1.520	46.000
921	-37.2	1.520	46.050
922	-37.4	1.520	46.100
923	-37.5	1.520	46.150
924	-37.6	1.520	46.200
925	-37.6	1.520	46.250
926	-37.6	1.520	46.300
927	-37.7	1.520	46.350
928	-37.8	1.520	46.400
929	-37.9	1.520	46.450
930	-38.0	1.520	46.500
931	-38.0	1.520	46.550
932	-38.2	1.540	46.600
933	-38.3	1.540	46.650
934	-38.3	1.540	46.700
935	-38.3	1.540	46.750
936	-38.6	1.540	46.800
937	-38.5	1.540	46.850
938	-38.6	1.540	46.900
939	-38.7	1.540	46.950
940	-38.7	1.540	47.000
941	-38.9	1.540	47.050
942	-39.0	1.540	47.100
943	-39.1	1.540	47.150
944	-39.1	1.540	47.200
945	-39.2	1.540	47.250
946	-39.3	1.540	47.300
947	-39.4	1.540	47.350
948	-39.5	1.540	47.400
949	-39.5	1.560	47.450
950	-39.5	1.560	47.500
951	-39.7	1.560	47.550
952	-39.3	1.560	47.600
953	-38.7	1.560	47.650
954	-38.4	1.560	47.700
955	-38.3	1.560	47.750
956	-38.4	1.560	47.800
957	-38.5	1.560	47.850
958	-38.5	1.560	47.900
959	-38.5	1.560	47.950
960	-38.8	1.560	48.000
961	-38.8	1.560	48.050
962	-38.9	1.560	48.100
963	-38.9	1.560	48.150
964	-39.0	1.560	48.200
965	-39.3	1.560	48.250
966	-39.3	1.560	48.300
967	-39.4	1.600	48.350
968	-39.4	1.600	48.400
969	-39.6	1.600	48.450
970	-39.7	1.600	48.500
971	-39.8	1.600	48.550
972	-39.9	1.600	48.600
973	-39.9	1.600	48.650
974	-40.0	1.600	48.700
975	-40.2	1.600	48.750
976	-40.2	1.600	48.800
977	-40.2	1.600	48.850
978	-40.3	1.600	48.900
979	-39.3	1.620	48.950
980	-37.9	1.620	49.000
981	-37.8	1.620	49.050
982	-37.8	1.620	49.100
983	-38.0	1.620	49.150
984	-38.2	1.620	49.200
985	-38.3	1.620	49.250
986	-38.3	1.620	49.300
987	-38.4	1.620	49.350
988	-38.7	1.620	49.400
989	-38.8	1.620	49.450
990	-38.9	1.620	49.506
991	-38.9	1.620	49.550
992	-39.1	1.620	49.600
993	-39.3	1.620	49.650
994	-39.5	1.620	49.701
995	-39.5	1.620	49.750
996	-39.5	1.620	49.800
997	-39.6	1.620	49.850
998	-39.8	1.640	49.901
999	-39.9	1.640	49.950
1000	-40.0	1.640	50.000
1001	-40.0	1.640	50.050
1002	-40.2	1.640	50.100
1003	-40.4	1.640	50.150
1004	-40.5	1.640	50.200
1005	-40.4	1.640	50.250
1006	-40.5	1.640	50.301
1007	-40.7	1.640	50.350
1008	-40.9	1.640	50.400
1009	-40.9	1.640	50.451
1010	-40.9	1.640	50.500
1011	-41.1	1.660	50.550
1012	-41.2	1.660	50.600
1013	-41.4	1.660	50.651
1014	-41.4	1.660	50.700
1015	-41.4	1.660	50.750
1016	-41.5	1.660	50.800
1017	-41.7	1.660	50.850
1018	-41.9	1.660	50.900
1019	-41.8	1.660	50.950
1020	-41.8	1.660	51.000
1021	-42.0	1.660	51.051
1022	-42.0	1.660	51.101
1023	-42.2	1.660	51.150
1024	-42.2	1.660	51.200
1025	-42.3	1.660	51.250
1026	-42.5	1.660	51.301
1027	-42.7	1.660	51.350
1028	-42.6	1.700	51.400
1029	-42.6	1.700	51.450
1030	-42.8	1.700	51.500
1031	-42.9	1.700	51.550
1032	-43.0	1.700	51.600
1033	-43.1	1.700	51.650
1034	-43.0	1.700	51.701
1035	-43.1	1.700	51.750
1036	-43.4	1.700	51.800
1037	-43.4	1.700	51.850
1038	-43.5	1.700	51.900
1039	-43.5	1.700	51.950
1040	-43.7	1.720	52.000
1041	-43.9	1.720	52.050
1042	-43.9	1.720	52.100
1043	-43.9	1.720	52.150
1044	-43.9	1.720	52.200
1045	-44.1	1.720	52.250
1046	-44.2	1.720	52.300
1047	-44.2	1.720	52.350
1048	-44.2	1.720	52.401
1049	-44.3	1.720	52.450
1050	-44.5	1.720	52.500
1051	-44.6	1.720	52.551
1052	-44.5	1.720	52.600
1053	-44.4	1.720	52.650
1054	-44.5	1.720	52.700
1055	-44.6	1.720	52.750
1056	-44.6	1.720	52.801
1057	-44.6	1.720	52.850
1058	-44.7	1.740	52.900
1059	-44.8	1.740	52.950
1060	-45.0	1.740	53.000
1061	-45.0	1.740	53.050
1062	-45.0	1.740	53.108
1063	-45.1	1.740	53.150
1064	-45.3	1.740	53.200
1065	-45.4	1.740	53.250
1066	-45.2	1.740	53.300
1067	-45.3	1.740	53.350
1068	-45.5	1.740	53.401
1069	-45.6	1.740	53.450
1070	-45.7	1.760	53.500
1071	-45.7	1.760	53.550
1072	-45.7	1.760	53.600
1073	-45.9	1.760	53.650
1074	-46.0	1.760	53.700
1075	-46.1	1.760	53.750
1076	-46.0	1.760	53.801
1077	-46.1	1.760	53.850
1078	-46.2	1.760	53.900
1079	-46.4	1.760	53.950
1080	-46.3	1.760	54.000
1081	-46.3	1.760	54.050
1082	-46.5	1.760	54.100
1083	-46.7	1.760	54.150
1084	-46.7	1.760	54.200
1085	-46.7	1.760	54.251
1086	-46.8	1.760	54.300
1087	-47.0	1.760	54.350
1088	-47.1	1.800	54.400
1089	-47.1	1.800	54.450
1090	-47.0	1.800	54.500
1091	-47.1	1.800	54.550
1092	-47.4	1.800	54.601
1093	-47.4	1.800	54.650
1094	-47.4	1.800	54.700
1095	-47.4	1.800	54.750
1096	-47.5	1.800	54.800
1097	-47.6	1.800	54.850
1098	-47.8	1.800	54.902
1099	-47.9	1.800	54.950
1100	-47.8	1.820	55.000
1101	-48.0	1.820	55.050
1102	-48.0	1.820	55.100
1103	-48.1	1.820	55.150
1104	-48.1	1.820	55.201
1105	-48.2	1.820	55.250
1106	-48.4	1.820	55.300
1107	-48.5	1.820	55.350
1108	-48.4	1.820	55.400
1109	-48.4	1.820	55.450
1110	-48.6	1.820	55.502
1111	-48.6	1.820	55.550
1112	-48.7	1.820	55.600
1113	-48.8	1.820	55.650
1114	-48.8	1.820	55.700
1115	-48.9	1.820	55.750
1116	-49.1	1.820	55.800
1117	-49.1	1.820	55.851
1118	-49.1	1.840	55.900
1119	-49.3	1.840	55.950
1120	-49.4	1.840	56.000
1121	-49.5	1.840	56.050
1122	-49.5	1.840	56.100
1123	-49.5	1.840	56.151
1124	-49.6	1.840	56.200
1125	-49.8	1.840	56.250
1126	-49.8	1.840	56.300
1127	-49.8	1.840	56.350
1128	-49.8	1.840	56.400
1129	-50.0	1.840	56.450
1130	-50.2	1.860	56.500
1131	-50.2	1.860	56.550
1132	-50.1	1.860	56.600
1133	-50.2	1.860	56.650
1134	-50.4	1.860	56.700
1135	-50.5	1.860	56.750
1136	-50.6	1.860	56.800
1137	-50.4	1.860	56.850
1138	-50.6	1.860	56.900
1139	-50.8	1.860	56.950
1140	-50.9	1.860	57.000
1141	-50.9	1.860	57.050
1142	-50.9	1.860	57.100
1143	-51.0	1.860	57.153
1144	-51.1	1.860	57.200
1145	-51.2	1.860	57.250
1146	-51.4	1.860	57.300
1147	-51.3	1.860	57.350
1148	-51.5	1.900	57.400
1149	-51.6	1.900	57.450
1150	-51.6	1.900	57.500
1151	-51.6	1.900	57.550
1152	-51.7	1.900	57.600
1153	-51.9	1.900	57.650
1154	-51.9	1.900	57.701
1155	-51.9	1.900	57.750
1156	-51.9	1.900	57.800
1157	-52.1	1.900	57.850
1158	-52.2	1.900	57.900
1159	-52.3	1.900	57.951
1160	-52.3	1.900	58.000
1161	-52.2	1.900	58.050
1162	-52.4	1.900	58.100
1163	-52.5	1.900	58.150
1164	-52.6	1.900	58.200
1165	-52.6	1.900	58.250
1166	-52.7	1.920	58.300
1167	-52.9	1.920	58.350
1168	-53.0	1.920	58.400
1169	-53.1	1.920	58.450
1170	-52.9	1.920	58.500
1171	-53.1	1.920	58.550
1172	-53.2	1.920	58.600
1173	-53.3	1.920	58.650
1174	-53.2	1.920	58.700
1175	-53.0	1.920	58.750
1176	-53.0	1.920	58.804
1177	-53.0	1.920	58.850
1178	-53.2	1.920	58.900
1179	-53.2	1.940	58.950
1180	-53.3	1.940	59.000
1181	-53.5	1.940	59.050
1182	-53.6	1.940	59.100
1183	-53.6	1.940	59.150
1184	-53.5	1.940	59.200
1185	-53.6	1.940	59.251
1186	-53.8	1.940	59.300
1187	-53.9	1.940	59.350
1188	-53.9	1.940	59.400
1189	-54.0	1.940	59.450
1190	-54.2	1.940	59.500
1191	-54.4	1.940	59.550
1192	-54.4	1.940	59.600
1193	-54.3	1.940	59.650
1194	-54.4	1.940	59.700
1195	-54.6	1.940	59.750
1196	-54.7	1.940	59.800
1197	-54.7	1.980	59.850
1198	-54.7	1.980	59.900
1199	-54.8	1.980	59.951
1200	-55.0	1.980	60.000
1201	-55.0	1.980	60.050
1202	-55.1	1.980	60.100
1203	-55.1	1.980	60.150
1204	-55.2	1.980	60.200
1205	-55.5	1.980	60.250
1206	-55.5	1.980	60.300
1207	-55.4	1.980	60.350
1208	-55.5	1.980	60.400
1209	-55.7	2.000	60.450
1210	-55.8	2.000	60.500
1211	-55.8	2.000	60.550
1212	-55.8	2.000	60.600
1213	-55.9	2.000	60.651
1214	-56.1	2.000	60.700
1215	-56.3	2.000	60.750
1216	-56.2	2.000	60.800
1217	-56.2	2.000	60.850
1218	-56.3	2.000	60.900
1219	-56.3	2.000	60.950
1220	-56.3	2.000	61.000
1221	-56.1	2.000	61.050
1222	-56.2	2.000	61.100
1223	-56.3	2.000	61.150
1224	-56.5	2.000	61.200
1225	-56.5	2.000	61.250
1226	-56.5	2.000	61.300
1227	-56.5	2.020	61.351
1228	-56.7	2.020	61.400
1229	-56.8	2.020	61.450
1230	-56.7	2.020	61.500
1231	-56.7	2.020	61.550
1232	-56.8	2.020	61.600
1233	-57.0	2.020	61.650
1234	-57.1	2.020	61.700
1235	-57.0	2.020	61.750
1236	-57.1	2.020	61.800
1237	-57.2	2.020	61.850
1238	-57.3	2.020	61.900
1239	-57.3	2.040	61.950
1240	-57.3	2.040	62.000
1241	-57.3	2.040	62.050
1242	-57.5	2.040	62.101
1243	-57.6	2.040	62.150
1244	-57.5	2.040	62.200
1245	-57.5	2.040	62.250
1246	-57.6	2.040	62.300
1247	-57.7	2.040	62.350
1248	-57.8	2.040	62.400
1249	-57.7	2.040	62.450
1250	-57.7	2.040	62.500
1251	-57.8	2.040	62.550
1252	-58.1	2.040	62.600
1253	-58.1	2.040	62.651
1254	-58.0	2.040	62.700
1255	-58.0	2.040	62.750
1256	-58.1	2.080	62.800
1257	-58.3	2.080	62.859
1258	-58.2	2.080	62.900
1259	-58.1	2.080	62.950
1260	-58.1	2.080	63.000
1261	-58.3	2.080	63.050
1262	-58.3	2.080	63.100
1263	-58.3	2.080	63.150
1264	-58.3	2.080	63.200
1265	-58.5	2.080	63.250
1266	-58.7	2.080	63.302
1267	-58.6	2.080	63.350
1268	-58.6	2.100	63.400
1269	-58.6	2.100	63.450
1270	-58.9	2.100	63.500
1271	-59.0	2.100	63.551
1272	-59.0	2.100	63.600
1273	-58.8	2.100	63.650
1274	-59.0	2.100	63.700
1275	-59.2	2.100	63.750
1276	-59.3	2.100	63.800
1277	-59.2	2.100	63.850
1278	-59.2	2.100	63.900
1279	-59.3	2.100	63.950
1280	-59.5	2.100	64.000
1281	-59.6	2.100	64.050
1282	-59.6	2.100	64.100
1283	-59.6	2.100	64.151
1284	-59.7	2.100	64.203
1285	-59.7	2.100	64.251
1286	-60.0	2.120	64.300
1287	-59.9	2.120	64.350
1288	-60.0	2.120	64.400
1289	-60.2	2.120	64.450
1290	-60.3	2.120	64.500
1291	-60.3	2.120	64.551
1292	-60.2	2.120	64.601
1293	-60.1	2.120	64.651
1294	-60.2	2.120	64.700
1295	-60.3	2.120	64.750
1296	-60.2	2.120	64.800
1297	-60.1	2.120	64.850
1298	-60.1	2.140	64.900
1299	-59.9	2.140	64.950
1300	-59.5	2.140	65.000
1301	-58.6	2.140	65.051
1302	-58.2	2.140	65.100
1303	-58.1	2.140	65.150
1304	-58.0	2.140	65.200
1305	-57.8	2.140	65.250
1306	-57.5	2.140	65.300
1307	-57.4	2.140	65.351
1308	-57.3	2.140	65.400
1309	-57.6	2.140	65.450
1310	-57.4	2.140	65.500
1311	-57.4	2.140	65.550
1312	-57.7	2.140	65.600
1313	-57.8	2.140	65.650
1314	-57.7	2.140	65.700
1315	-57.6	2.180	65.750
1316	-57.7	2.180	65.800
1317	-57.8	2.180	65.856
1318	-57.9	2.180	65.900
1319	-58.0	2.180	65.950
1320	-57.9	2.180	66.000
1321	-58.0	2.180	66.050
1322	-58.2	2.180	66.100
1323	-58.3	2.180	66.150
1324	-58.3	2.180	66.200
1325	-58.2	2.180	66.250
1326	-58.3	2.180	66.300
1327	-58.6	2.180	66.350
1328	-58.6	2.200	66.400
1329	-58.6	2.200	66.450
1330	-58.6	2.200	66.500
1331	-58.9	2.200	66.550
1332	-59.0	2.200	66.600
1333	-59.0	2.200	66.650
1334	-58.9	2.200	66.700
1335	-59.0	2.200	66.750
1336	-59.3	2.200	66.800
1337	-61.5	2.200	66.850
1338	-59.3	2.200	66.900
1339	-59.2	2.200	66.950
1340	-59.4	2.200	67.000
1341	-59.4	2.200	67.051
1342	-59.7	2.200	67.100
1343	-59.5	2.200	67.150
1344	-59.6	2.200	67.200
1345	-59.8	2.200	67.250
1346	-60.0	2.220	67.300
1347	-60.3	2.220	67.400
1348	-60.0	2.220	67.451
1349	-60.2	2.220	67.510
1350	-60.2	2.220	67.550
1351	-60.4	2.220	67.600
1352	-60.3	2.220	67.650
1353	-60.5	2.220	67.700
1354	-60.7	2.220	67.750
1355	-60.8	2.220	67.801
1356	-60.7	2.220	67.850
1357	-60.8	2.220	67.900
1358	-61.0	2.220	67.950
1359	-61.2	2.220	68.000
1360	-61.1	2.220	68.051
1361	-61.3	2.220	68.100
1362	-61.0	2.220	68.150
1363	-61.3	2.260	68.201
1364	-61.4	2.260	68.250
1365	-61.3	2.260	68.300
1366	-61.3	2.260	68.350
1367	-61.5	2.260	68.400
1368	-61.7	2.260	68.450
1369	-61.9	2.260	68.500
1370	-61.7	2.260	68.551
1371	-62.0	2.260	68.600
1372	-62.1	2.260	68.658
1373	-62.1	2.260	68.700
1374	-62.1	2.280	68.750
1375	-62.0	2.280	68.800
1376	-62.1	2.280	68.850
1377	-62.3	2.280	68.900
1378	-62.5	2.280	68.950
1379	-62.4	2.280	69.000
1380	-62.3	2.280	69.050
1381	-62.5	2.280	69.100
1382	-62.8	2.280	69.150
1383	-62.9	2.280	69.200
1384	-62.7	2.280	69.250
1385	-62.7	2.280	69.300
1386	-62.9	2.280	69.350
1387	-63.1	2.280	69.400
1388	-63.2	2.280	69.452
1389	-63.0	2.280	69.500
1390	-55.1	2.280	69.550
1391	-58.5	2.280	69.600
1392	-61.3	2.300	69.650
1393	-58.1	2.300	69.700
1394	-55.4	2.300	69.750
1395	-58.4	2.300	69.800
1396	-58.4	2.300	69.850
1397	-61.2	2.300	69.900
1398	-58.8	2.300	69.950
1399	-58.5	2.300	70.000
1400	-59.1	2.300	70.051
1401	-59.1	2.300	70.100
1402	-58.9	2.300	70.150
1403	-59.2	2.320	70.200
1404	-56.5	2.320	70.250
1405	-59.5	2.320	70.300
1406	-59.6	2.320	70.353
1407	-59.6	2.320	70.400
1408	-59.4	2.320	70.450
1409	-56.5	2.320	70.500
1410	-59.8	2.320	70.550
1411	-62.4	2.320	70.600
1412	-59.7	2.320	70.650
1413	-59.7	2.320	70.700
1414	-57.9	2.320	70.750
1415	-60.4	2.320	70.800
1416	-60.2	2.320	70.850
1417	-60.1	2.320	70.900
1418	-57.3	2.320	70.950
1419	-60.6	2.320	71.000
1420	-60.8	2.320	71.050
1421	-62.9	2.320	71.101
1422	-60.5	2.320	71.150
1423	-60.8	2.360	71.201
1424	-60.9	2.360	71.250
1425	-61.2	2.360	71.300
1426	-60.9	2.360	71.350
1427	-61.0	2.360	71.400
1428	-61.5	2.360	71.450
1429	-61.7	2.360	71.500
1430	-64.5	2.360	71.550
1431	-61.4	2.360	71.600
1432	-61.4	2.360	71.651
1433	-59.2	2.360	71.700
1434	-64.5	2.360	71.750
1435	-61.7	2.380	71.800
1436	-61.7	2.380	71.850
1437	-59.3	2.380	71.900
1438	-62.3	2.380	71.950
1439	-65.2	2.380	72.000
1440	-62.3	2.380	72.050
1441	-62.2	2.380	72.101
1442	-59.3	2.380	72.150
1443	-62.7	2.380	72.200
1444	-65.3	2.380	72.250
1445	-62.5	2.380	72.300
1446	-62.5	2.380	72.350
1447	-62.9	2.380	72.400
1448	-63.1	2.380	72.450
1449	-65.3	2.380	72.500
1450	-62.7	2.380	72.550
1451	-60.1	2.380	72.600
1452	-58.8	2.380	72.650
1453	-60.4	2.400	72.700
1454	-59.9	2.400	72.750
1455	-59.9	2.400	72.800
1456	-57.6	2.400	72.850
1457	-60.3	2.400	72.900
1458	-62.8	2.400	72.950
1459	-60.0	2.400	73.000
1460	-57.4	2.400	73.050
1461	-60.4	2.400	73.100
1462	-63.5	2.400	73.150
1463	-60.4	2.400	73.200
1464	-60.3	2.400	73.250
1465	-57.5	2.420	73.300
1466	-60.9	2.420	73.350
1467	-61.0	2.420	73.400
1468	-63.1	2.420	73.450
1469	-60.7	2.420	73.500
1470	-60.9	2.420	73.550
1471	-61.2	2.420	73.600
1472	-61.2	2.420	73.650
1473	-63.6	2.420	73.700
1474	-58.5	2.420	73.750
1475	-61.5	2.420	73.800
1476	-58.3	2.420	73.850
1477	-64.0	2.420	73.900
1478	-61.4	2.420	73.950
1479	-58.9	2.420	74.000
1480	-61.8	2.420	74.050
1481	-64.3	2.420	74.100
1482	-64.4	2.460	74.150
1483	-59.0	2.460	74.200
1484	-62.1	2.460	74.250
1485	-62.3	2.460	74.300
1486	-64.9	2.460	74.350
1487	-62.0	2.460	74.402
1488	-62.2	2.460	74.450
1489	-60.1	2.460	74.500
1490	-62.6	2.460	74.550
1491	-65.0	2.460	74.600
1492	-62.3	2.460	74.650
1493	-62.4	2.460	74.700
1494	-62.7	2.460	74.750
1495	-62.9	2.480	74.800
1496	-62.7	2.480	74.850
1497	-62.5	2.480	74.900
1498	-59.7	2.480	74.950
1499	-62.3	2.480	75.000
1500	-65.0	2.480	75.050
1501	-62.0	2.480	75.100
1502	-59.6	2.480	75.150
1503	-62.2	2.480	75.200
1504	-64.6	2.480	75.250
1505	-62.2	2.480	75.301
1506	-62.3	2.480	75.350
1507	-59.3	2.480	75.400
1508	-62.6	2.480	75.450
1509	-62.7	2.480	75.501
1510	-62.6	2.480	75.550
1511	-62.4	2.480	75.600
1512	-59.8	2.500	75.650
1513	-62.8	2.500	75.700
1514	-65.4	2.500	75.750
1515	-62.7	2.500	75.800
1516	-62.7	2.500	75.850
1517	-63.0	2.500	75.900
1518	-63.3	2.500	75.951
1519	-65.4	2.500	76.000
1520	-63.3	2.500	76.050
1521	-60.1	2.500	76.100
1522	-63.5	2.500	76.150
1523	-63.6	2.500	76.200
1524	-66.4	2.520	76.251
1525	-63.4	2.520	76.300
1526	-63.6	2.520	76.350
1527	-63.9	2.520	76.400
1528	-66.9	2.520	76.450
1529	-63.7	2.520	76.500
1530	-63.6	2.520	76.550
1531	-61.3	2.520	76.600
1532	-64.2	2.520	76.650
1533	-67.0	2.520	76.701
1534	-64.1	2.520	76.750
1535	-61.2	2.520	76.800
1536	-64.5	2.520	76.850
1537	-64.6	2.520	76.900
1538	-64.4	2.520	76.951
1539	-64.4	2.520	77.000
1540	-62.2	2.520	77.050
1541	-64.8	2.520	77.101
1542	-64.9	2.560	77.150
1543	-64.7	2.560	77.200
1544	-62.4	2.560	77.250
1545	-62.7	2.560	77.300
1546	-65.3	2.560	77.351
1547	-68.5	2.560	77.400
1548	-64.9	2.560	77.450
1549	-62.7	2.560	77.500
1550	-62.9	2.560	77.550
1551	-65.6	2.560	77.600
1552	-68.1	2.560	77.650
1553	-65.3	2.560	77.700
1554	-62.3	2.560	77.750
1555	-65.9	2.560	77.800
1556	-68.5	2.560	77.850
1557	-65.7	2.560	77.900
1558	-63.0	2.560	77.950
1559	-63.4	2.560	78.000
1560	-66.2	2.580	78.051
1561	-66.3	2.580	78.100
1562	-66.0	2.580	78.151
1563	-66.0	2.580	78.200
1564	-64.0	2.580	78.250
1565	-66.5	2.580	78.300
1566	-66.5	2.580	78.350
1567	-66.3	2.580	78.400
1568	-63.7	2.580	78.450
1569	-66.7	2.580	78.500
1570	-69.2	2.580	78.550
1571	-66.7	2.580	78.600
1572	-66.6	2.600	78.650
1573	-64.6	2.600	78.700
1574	-70.0	2.600	78.750
1575	-69.7	2.600	78.800
1576	-69.4	2.600	78.851
1577	-64.6	2.600	78.900
1578	-65.0	2.600	78.950
1579	-67.5	2.600	79.000
1580	-70.4	2.600	79.050
1581	-67.2	2.600	79.100
1582	-64.5	2.600	79.150
1583	-67.7	2.600	79.200
1584	-67.9	2.600	79.250
1585	-70.1	2.600	79.301
1586	-67.8	2.600	79.350
1587	-65.4	2.600	79.400
1588	-68.0	2.600	79.450
1589	-68.2	2.640	79.500
1590	-68.0	2.640	79.550
1591	-70.8	2.640	79.600
1592	-68.3	2.640	79.650
1593	-68.6	2.640	79.700
1594	-71.8	2.640	79.750
1595	-68.2	2.640	79.800
1596	-66.1	2.640	79.850
1597	-66.3	2.640	79.901
1598	-68.8	2.640	79.950
1599	-71.3	2.640	80.000
1600	-68.5	2.640	80.050
1601	-65.5	2.660	80.100
1602	-69.0	2.660	80.150
1603	-71.8	2.660	80.200
1604	-68.9	2.660	80.250
1605	-66.5	2.660	80.300
1606	-66.2	2.660	80.350
1607	-69.4	2.660	80.400
1608	-71.9	2.660	80.450
1609	-69.2	2.660	80.500
1610	-67.0	2.660	80.550
1611	-69.5	2.660	80.600
1612	-69.7	2.660	80.650
1613	-69.6	2.660	80.700
1614	-69.5	2.660	80.750
1615	-67.2	2.660	80.800
1616	-67.6	2.660	80.850
1617	-73.0	2.660	80.900
1618	-72.6	2.680	80.950
1619	-67.0	2.680	81.000
1620	-70.1	2.680	81.050
1621	-70.3	2.680	81.100
1622	-72.9	2.680	81.150
1623	-70.1	2.680	81.200
1624	-67.4	2.680	81.250
1625	-68.2	2.680	81.301
1626	-70.6	2.680	81.350
1627	-73.1	2.680	81.400
1628	-70.3	2.680	81.450
1629	-67.5	2.680	81.500
1630	-70.7	2.700	81.550
1631	-73.5	2.700	81.602
1632	-71.0	2.700	81.650
1633	-70.7	2.700	81.700
1634	-68.3	2.700	81.751
1635	-70.9	2.700	81.800
1636	-71.2	2.700	81.850
1637	-73.3	2.700	81.900
1638	-70.8	2.700	81.950
1639	-68.6	2.700	82.000
1640	-73.8	2.700	82.050
1641	-74.2	2.700	82.100
1642	-70.9	2.700	82.150
1643	-71.0	2.700	82.200
1644	-71.2	2.700	82.250
1645	-74.1	2.700	82.301
1646	-74.3	2.700	82.350
1647	-71.1	2.700	82.400
1648	-69.0	2.740	82.450
1649	-68.8	2.740	82.500
1650	-74.3	2.740	82.550
1651	-71.3	2.740	82.601
1652	-71.5	2.740	82.650
1653	-71.8	2.740	82.700
1654	-74.5	2.740	82.750
1655	-71.7	2.740	82.800
1656	-71.7	2.740	82.850
1657	-71.6	2.740	82.900
1658	-72.0	2.740	82.950
1659	-72.2	2.740	83.000
1660	-72.1	2.760	83.050
1661	-72.0	2.760	83.100
1662	-69.5	2.760	83.150
1663	-72.5	2.760	83.200
1664	-75.5	2.760	83.250
1665	-72.4	2.760	83.300
1666	-69.5	2.760	83.350
1667	-72.5	2.760	83.400
1668	-72.7	2.760	83.450
1669	-75.5	2.760	83.500
1670	-72.5	2.760	83.550
1671	-70.0	2.760	83.600
1672	-72.8	2.760	83.650
1673	-75.7	2.760	83.700
1674	-73.0	2.760	83.750
1675	-72.7	2.760	83.800
1676	-70.1	2.760	83.850
1677	-73.3	2.760	83.901
1678	-73.4	2.780	83.950
1679	-73.1	2.780	84.000
1680	-70.8	2.780	84.050
1681	-73.1	2.780	84.100
1682	-73.6	2.780	84.150
1683	-73.7	2.780	84.200
1684	-73.5	2.780	84.250
1685	-73.4	2.780	84.300
1686	-71.4	2.780	84.350
1687	-76.4	2.780	84.400
1688	-76.6	2.780	84.450
1689	-73.6	2.780	84.500
1690	-71.1	2.800	84.550
1691	-74.0	2.800	84.600
1692	-74.2	2.800	84.650
1693	-74.0	2.800	84.700
1694	-73.9	2.800	84.751
1695	-71.1	2.800	84.800
1696	-74.4	2.800	84.850
1697	-76.9	2.800	84.900
1698	-74.2	2.800	84.951
1699	-74.2	2.800	85.001
1700	-71.6	2.800	85.050
1701	-74.7	2.800	85.100
1702	-76.9	2.800	85.150
1703	-74.4	2.800	85.201
1704	-74.4	2.800	85.250
1705	-74.8	2.800	85.300
1706	-74.9	2.800	85.350
1707	-74.8	2.840	85.400
1708	-74.6	2.840	85.450
1709	-73.5	2.840	85.504
1710	-76.8	2.840	85.550
1711	-76.9	2.840	85.600
1712	-73.5	2.840	85.650
1713	-73.5	2.840	85.700
1714	-73.7	2.840	85.750
1715	-74.0	2.840	85.800
1716	-76.4	2.840	85.851
1717	-76.5	2.840	85.900
1718	-71.1	2.840	85.950
1719	-74.2	2.840	86.000
1720	-76.6	2.840	86.050
1721	-74.1	2.840	86.100
1722	-74.0	2.840	86.150
1723	-71.5	2.840	86.200
1724	-74.5	2.840	86.250
1725	-76.9	2.860	86.300
1726	-74.4	2.860	86.350
1727	-74.3	2.860	86.400
1728	-74.5	2.860	86.450
1729	-74.8	2.860	86.500
1730	-74.7	2.860	86.550
1731	-74.6	2.860	86.600
1732	-74.6	2.860	86.650
1733	-74.8	2.860	86.700
1734	-77.2	2.860	86.750
1735	-75.0	2.860	86.800
1736	-74.8	2.860	86.850
1737	-72.8	2.880	86.900
1738	-75.3	2.880	86.950
1739	-77.6	2.880	87.000
1740	-75.1	2.880	87.050
1741	-75.1	2.880	87.100
1742	-73.1	2.880	87.150
1743	-75.6	2.880	87.200
1744	-75.6	2.880	87.250
1745	-75.5	2.880	87.301
1746	-73.0	2.880	87.350
1747	-75.9	2.880	87.400
1748	-78.5	2.880	87.450
1749	-78.2	2.880	87.500
1750	-75.8	2.880	87.550
1751	-75.8	2.880	87.600
1752	-76.0	2.880	87.650
1753	-76.2	2.880	87.700
1754	-76.2	2.880	87.751
1755	-76.0	2.880	87.800
1756	-74.0	2.920	87.850
1757	-73.6	2.920	87.900
1758	-79.5	2.920	87.950
1759	-76.3	2.920	88.000
1760	-73.9	2.920	88.050
1761	-76.5	2.920	88.100
1762	-76.7	2.920	88.150
1763	-76.7	2.920	88.200
1764	-76.5	2.920	88.250
1765	-74.1	2.920	88.300
1766	-77.0	2.920	88.350
1767	-79.2	2.920	88.400
1768	-76.8	2.940	88.451
1769	-76.7	2.940	88.500
1770	-76.9	2.940	88.550
1771	-77.3	2.940	88.600
1772	-79.8	2.940	88.650
1773	-77.0	2.940	88.701
1774	-77.0	2.940	88.750
1775	-77.3	2.940	88.800
1776	-77.5	2.940	88.850
1777	-77.4	2.940	88.900
1778	-77.3	2.940	88.950
1779	-77.3	2.940	89.000
1780	-77.7	2.940	89.050
1781	-80.1	2.940	89.100
1782	-79.9	2.940	89.150
1783	-77.5	2.940	89.200
1784	-77.7	2.940	89.250
1785	-78.0	2.940	89.300
1786	-80.2	2.960	89.350
1787	-77.8	2.960	89.400
1788	-77.8	2.960	89.450
1789	-75.9	2.960	89.500
1790	-78.4	2.960	89.550
1791	-80.6	2.960	89.600
1792	-78.1	2.960	89.650
1793	-78.1	2.960	89.700
1794	-78.5	2.960	89.750
1795	-81.3	2.960	89.800
1796	-80.7	2.960	89.850
1797	-78.4	2.960	89.900
1798	-76.2	2.980	89.950
1799	-78.8	2.980	90.000
1800	-78.9	2.980	90.050
1801	-78.7	2.980	90.100
1802	-78.7	2.980	90.150
1803	-78.8	2.980	90.200
1804	-79.1	2.980	90.250
1805	-82.2	2.980	90.300
1806	-79.1	2.980	90.350
1807	-76.7	2.980	90.401
1808	-76.9	2.980	90.450
1809	-79.5	2.980	90.500
1810	-79.5	2.980	90.551
1811	-79.3	2.980	90.600
1812	-76.7	2.980	90.650
1813	-79.7	2.980	90.700
1814	-82.2	2.980	90.750
1815	-79.6	2.980	90.800
1816	-79.5	3.020	90.850
1817	-76.8	3.020	90.900
1818	-79.6	3.020	90.956
1819	-79.8	3.020	91.000
1820	-79.8	3.020	91.050
1821	-79.8	3.020	91.100
1822	-80.0	3.020	91.150
1823	-80.2	3.020	91.200
1824	-80.1	3.020	91.250
1825	-80.1	3.020	91.300
1826	-80.2	3.020	91.350
1827	-80.4	3.020	91.400
1828	-83.0	3.040	91.450
1829	-82.6	3.040	91.500
1830	-80.2	3.040	91.550
1831	-77.9	3.040	91.600
1832	-80.7	3.040	91.650
1833	-80.8	3.040	91.700
1834	-80.6	3.040	91.750
1835	-78.3	3.040	91.800
1836	-80.8	3.040	91.850
1837	-81.1	3.040	91.900
1838	-83.4	3.040	91.950
1839	-80.8	3.040	92.000
1840	-78.6	3.040	92.050
1841	-81.1	3.040	92.100
1842	-83.8	3.040	92.150
1843	-81.1	3.040	92.200
1844	-81.0	3.040	92.250
1845	-81.1	3.040	92.300
1846	-81.4	3.060	92.350
1847	-81.5	3.060	92.400
1848	-81.5	3.060	92.450
1849	-81.3	3.060	92.500
1850	-81.5	3.060	92.550
1851	-81.8	3.060	92.600
1852	-84.4	3.060	92.650
1853	-81.6	3.060	92.700
1854	-79.0	3.060	92.750
1855	-81.8	3.060	92.800
1856	-82.0	3.060	92.850
1857	-81.9	3.060	92.900
1858	-81.7	3.080	92.950
1859	-79.6	3.080	93.000
1860	-82.1	3.080	93.051
1861	-82.3	3.080	93.100
1862	-82.0	3.080	93.150
1863	-82.0	3.080	93.200
1864	-79.5	3.080	93.250
1865	-82.5	3.080	93.300
1866	-84.6	3.080	93.350
1867	-82.3	3.080	93.400
1868	-82.3	3.080	93.450
1869	-82.5	3.080	93.500
1870	-82.7	3.080	93.550
1871	-82.7	3.080	93.600
1872	-82.5	3.080	93.650
1873	-82.6	3.080	93.700
1874	-80.6	3.080	93.750
1875	-85.3	3.120	93.800
1876	-85.2	3.120	93.850
1877	-82.7	3.120	93.900
1878	-80.5	3.120	93.950
1879	-83.1	3.120	94.000
1880	-83.1	3.120	94.050
1881	-83.3	3.120	94.101
1882	-83.1	3.120	94.150
1883	-80.7	3.120	94.200
1884	-83.5	3.120	94.250
1885	-83.6	3.120	94.300
1886	-83.4	3.120	94.350
1887	-83.4	3.140	94.400
1888	-83.7	3.140	94.450
1889	-83.9	3.140	94.500
1890	-83.8	3.140	94.550
1891	-83.6	3.140	94.601
1892	-83.7	3.140	94.650
1893	-83.9	3.140	94.700
1894	-84.1	3.140	94.750
1895	-83.9	3.140	94.800
1896	-83.9	3.140	94.850
1897	-84.1	3.140	94.900
1898	-84.3	3.140	94.950
1899	-84.4	3.140	95.000
1900	-84.2	3.140	95.050
1901	-81.7	3.140	95.100
1902	-84.5	3.140	95.150
1903	-84.6	3.140	95.200
1904	-84.6	3.140	95.250
1905	-84.4	3.160	95.300
1906	-82.1	3.160	95.351
1907	-84.7	3.160	95.400
1908	-87.2	3.160	95.450
1909	-84.7	3.160	95.500
1910	-84.7	3.160	95.550
1911	-82.6	3.160	95.600
1912	-85.2	3.160	95.650
1913	-87.5	3.160	95.700
1914	-85.0	3.160	95.750
1915	-85.0	3.160	95.800
1916	-85.1	3.160	95.850
1917	-85.3	3.160	95.900
1918	-85.4	3.160	95.950
1919	-85.2	3.160	96.000
1920	-85.3	3.160	96.050
1921	-85.5	3.160	96.100
1922	-85.7	3.200	96.150
1923	-85.5	3.200	96.200
1924	-85.4	3.200	96.250
1925	-83.4	3.200	96.300
1926	-85.8	3.200	96.351
1927	-85.9	3.200	96.400
1928	-85.8	3.200	96.450
1929	-85.7	3.200	96.500
1930	-83.7	3.200	96.550
1931	-86.2	3.200	96.600
1932	-86.2	3.200	96.650
1933	-86.0	3.200	96.701
1934	-86.0	3.220	96.750
1935	-86.4	3.220	96.800
1936	-86.5	3.220	96.860
1937	-86.5	3.220	96.900
1938	-86.2	3.220	96.950
1939	-86.3	3.220	97.000
1940	-86.6	3.220	97.050
1941	-86.7	3.220	97.100
1942	-86.5	3.220	97.150
1943	-86.8	3.220	97.200
1944	-86.7	3.220	97.250
1945	-86.9	3.220	97.300
1946	-89.2	3.220	97.351
1947	-86.8	3.220	97.400
1948	-84.5	3.220	97.450
1949	-87.1	3.220	97.500
1950	-87.2	3.220	97.550
1951	-87.2	3.220	97.600
1952	-87.0	3.220	97.650
1953	-84.8	3.240	97.700
1954	-87.3	3.240	97.750
1955	-87.5	3.240	97.800
1956	-87.3	3.240	97.850
1957	-87.3	3.240	97.900
1958	-87.4	3.240	97.950
1959	-87.7	3.240	98.000
1960	-87.8	3.240	98.050
1961	-87.6	3.240	98.100
1962	-87.6	3.240	98.150
1963	-87.8	3.240	98.200
1964	-88.0	3.260	98.250
1965	-87.9	3.260	98.300
1966	-88.1	3.260	98.400
1967	-87.9	3.260	98.450
1968	-88.2	3.260	98.550
1969	-88.0	3.260	98.601
1970	-85.9	3.260	98.650
1971	-88.4	3.260	98.700
1972	-88.5	3.260	98.750
1973	-88.4	3.260	98.800
1974	-88.3	3.260	98.850
1975	-88.5	3.260	98.900
1976	-88.8	3.260	98.950
1977	-88.8	3.260	99.000
1978	-88.6	3.260	99.051
1979	-88.6	3.260	99.100
1980	-88.9	3.300	99.150
1981	-91.2	3.300	99.200
1982	-89.0	3.300	99.250
1983	-89.2	3.300	99.306
1984	-89.1	3.300	99.350
1985	-89.1	3.300	99.400
1986	-89.3	3.300	99.450
1987	-89.2	3.300	99.500
1988	-89.1	3.300	99.551
1989	-89.2	3.300	99.600
1990	-89.5	3.300	99.650
1991	-91.8	3.300	99.700
1992	-89.3	3.320	99.750
1993	-87.1	3.320	99.800
1994	-89.6	3.320	99.851
1995	-89.7	3.320	99.900
1996	-89.7	3.320	99.950
1997	-89.6	3.320	100.000
1998	-89.7	3.320	100.050
1999	-89.9	3.320	100.100
2000	-92.2	3.320	100.150
2001	-89.9	3.320	100.200
2002	-89.9	3.320	100.250
2003	-89.9	3.320	100.300
2004	-90.3	3.320	100.350
2005	-92.4	3.320	100.400
2006	-90.1	3.320	100.450
2007	-90.1	3.320	100.500
2008	-90.2	3.320	100.550
2009	-90.5	3.340	100.600
2010	-90.4	3.340	100.650
2011	-90.3	3.340	100.700
2012	-90.3	3.340	100.750
2013	-90.5	3.340	100.800
2014	-90.7	3.340	100.850
2015	-90.6	3.340	100.900
2016	-90.4	3.340	100.950
2017	-88.2	3.340	101.000
2018	-90.8	3.340	101.050
2019	-90.8	3.340	101.100
2020	-90.8	3.340	101.150
2021	-90.6	3.360	101.200
2022	-90.8	3.360	101.250
2023	-91.1	3.360	101.300
2024	-91.1	3.360	101.350
2025	-90.9	3.360	101.400
2026	-90.9	3.360	101.450
2027	-91.2	3.360	101.500
2028	-93.3	3.360	101.550
2029	-91.1	3.360	101.600
2030	-91.0	3.360	101.650
2031	-91.0	3.360	101.700
2032	-91.3	3.360	101.750
2033	-91.3	3.360	101.800
2034	-91.2	3.360	101.850
2035	-91.2	3.360	101.900
2036	-91.3	3.360	101.950
2037	-91.5	3.360	102.000
2038	-91.5	3.360	102.050
2039	-91.4	3.400	102.100
2040	-91.3	3.400	102.150
2041	-91.5	3.400	102.200
2042	-91.7	3.400	102.250
2043	-91.6	3.400	102.300
2044	-91.5	3.400	102.350
2045	-91.6	3.400	102.400
2046	-91.8	3.400	102.450
2047	-91.9	3.400	102.500
2048	-91.7	3.400	102.550
2049	-91.7	3.400	102.600
2050	-91.8	3.400	102.650
2051	-92.1	3.420	102.700
2052	-92.0	3.420	102.750
2053	-91.8	3.420	102.800
2054	-91.8	3.420	102.850
2055	-91.9	3.420	102.900
2056	-92.1	3.420	102.951
2057	-92.1	3.420	103.000
2058	-91.8	3.420	103.050
2059	-92.0	3.420	103.100
2060	-92.1	3.420	103.150
2061	-92.2	3.420	103.200
2062	-92.1	3.420	103.250
2063	-91.9	3.420	103.300
2064	-92.1	3.420	103.350
2065	-92.2	3.420	103.400
2066	-92.2	3.420	103.450
2067	-92.1	3.420	103.500
2068	-92.1	3.420	103.550
2069	-92.3	3.420	103.600
2070	-92.5	3.440	103.650
2071	-92.4	3.440	103.700
2072	-92.3	3.440	103.750
2073	-92.3	3.440	103.800
2074	-92.5	3.440	103.850
2075	-92.6	3.440	103.901
2076	-92.6	3.440	103.950
2077	-92.3	3.440	104.000
2078	-92.4	3.440	104.050
2079	-92.6	3.440	104.100
2080	-92.5	3.440	104.150
2081	-92.4	3.460	104.200
2082	-92.5	3.460	104.250
2083	-92.4	3.460	104.300
2084	-92.3	3.460	104.350
2085	-92.2	3.460	104.400
2086	-92.1	3.460	104.450
2087	-92.1	3.460	104.500
2088	-92.3	3.460	104.550
2089	-92.4	3.460	104.600
2090	-92.3	3.460	104.650
2091	-92.2	3.460	104.700
2092	-92.2	3.460	104.750
2093	-92.5	3.460	104.800
2094	-92.5	3.460	104.850
2095	-92.3	3.460	104.900
2096	-92.3	3.460	104.950
2097	-92.4	3.460	105.000
2098	-92.4	3.460	105.050
2099	-92.5	3.500	105.100
2100	-92.3	3.500	105.150
2101	-92.2	3.500	105.201
2102	-92.2	3.500	105.250
2103	-92.3	3.500	105.300
2104	-92.1	3.500	105.350
2105	-92.1	3.500	105.400
2106	-92.0	3.500	105.450
2107	-92.0	3.500	105.500
2108	-92.0	3.500	105.550
2109	-91.9	3.500	105.600
2110	-91.6	3.500	105.650
2111	-91.6	3.500	105.700
2112	-91.6	3.500	105.750
2113	-91.6	3.500	105.800
2114	-91.5	3.500	105.851
2115	-91.3	3.500	105.900
2116	-91.4	3.500	105.950
2117	-91.4	3.520	106.000
2118	-91.1	3.520	106.050
2119	-90.9	3.520	106.110
2120	-91.0	3.520	106.150
2121	-91.0	3.520	106.200
2122	-91.0	3.520	106.250
2123	-90.9	3.520	106.300
2124	-90.6	3.520	106.350
2125	-90.4	3.520	106.400
2126	-90.2	3.520	106.451
2127	-90.0	3.520	106.500
2128	-89.7	3.520	106.550
2129	-89.4	3.540	106.600
2130	-88.9	3.540	106.650
2131	-87.8	3.540	106.700
2132	-86.5	3.540	106.750
2133	-72.1	3.540	106.800
2134	-18.5	3.540	106.850
2135	-20.0	3.540	106.900
2136	-14.7	3.540	106.950
2137	-10.9	3.540	107.000
2138	-11.4	3.540	107.050
2139	-13.9	3.540	107.100
2140	-14.1	3.540	107.150
2141	-13.8	3.540	107.200
2142	-13.8	3.540	107.250
2143	-13.7	3.540	107.300
2144	-13.7	3.540	107.350
2145	-13.8	3.580	107.400
2146	-13.8	3.580	107.450
2147	-13.6	3.580	107.500
2148	-13.7	3.580	107.551
2149	-13.7	3.580	107.600
2150	-13.6	3.580	107.650
2151	-13.7	3.580	107.701
2152	-13.6	3.580	107.750
2153	-13.6	3.580	107.800
2154	-13.6	3.580	107.850
2155	-13.6	3.580	107.900
2156	-13.5	3.580	107.950
2157	-13.6	3.600	108.000
2158	-13.5	3.600	108.050
2159	-13.6	3.600	108.100
2160	-13.6	3.600	108.151
2161	-13.5	3.600	108.201
2162	-13.5	3.600	108.250
2163	-13.6	3.600	108.300
2164	-13.5	3.600	108.350
2165	-13.5	3.600	108.400
2166	-13.5	3.600	108.450
2167	-13.5	3.600	108.500
2168	-13.5	3.600	108.550
2169	-13.5	3.600	108.600
2170	-13.5	3.600	108.650
2171	-13.5	3.600	108.700
2172	-13.5	3.600	108.750
2173	-13.5	3.600	108.800
2174	-13.5	3.600	108.850
2175	-13.4	3.620	108.900
2176	-13.5	3.620	108.950
2177	-13.5	3.620	109.000
2178	-13.5	3.620	109.050
2179	-13.5	3.620	109.100
2180	-13.5	3.620	109.150
2181	-13.5	3.620	109.201
2182	-13.5	3.620	109.250
2183	-13.5	3.620	109.300
2184	-13.4	3.620	109.350
2185	-13.4	3.620	109.400
2186	-13.5	3.640	109.450
2187	-13.5	3.640	109.500
2188	-13.5	3.640	109.550
2189	-13.4	3.640	109.600
2190	-13.4	3.640	109.651
2191	-13.4	3.640	109.700
2192	-13.5	3.640	109.750
2193	-13.4	3.640	109.800
2194	-13.4	3.640	109.850
2195	-13.4	3.640	109.900
2196	-13.4	3.640	109.951
2197	-13.4	3.640	110.000
2198	-13.4	3.640	110.050
2199	-13.4	3.640	110.100
2200	-13.4	3.640	110.150
2201	-13.5	3.640	110.200
2202	-13.5	3.640	110.250
2203	-13.4	3.640	110.300
2204	-13.4	3.680	110.350
2205	-13.4	3.680	110.400
2206	-13.4	3.680	110.450
2207	-13.4	3.680	110.500
2208	-13.4	3.680	110.550
2209	-13.4	3.680	110.600
2210	-13.4	3.680	110.650
2211	-13.4	3.680	110.700
2212	-13.4	3.680	110.750
2213	-13.4	3.680	110.800
2214	-13.4	3.680	110.850
2215	-13.4	3.680	110.900
2216	-13.4	3.700	110.950
2217	-13.4	3.700	111.000
2218	-13.4	3.700	111.050
2219	-13.4	3.700	111.100
2220	-13.4	3.700	111.150
2221	-13.4	3.700	111.200
2222	-13.4	3.700	111.250
2223	-13.4	3.700	111.300
2224	-13.4	3.700	111.350
2225	-13.4	3.700	111.401
2226	-13.4	3.700	111.450
2227	-13.4	3.700	111.500
2228	-13.4	3.700	111.550
2229	-13.4	3.700	111.600
2230	-13.4	3.700	111.650
2231	-13.4	3.700	111.700
2232	-13.4	3.700	111.750
