9/12/2023  2:51 PM
Units: N
Readings: Continuous
X-Axis: Travel
Travel Unit: mm
Reading	Load	Travel	Time
1	0.1	0.000	0.000
2	0.2	0.000	0.100
3	0.2	0.000	0.150
4	0.4	0.000	0.200
5	0.7	0.000	0.250
6	0.9	0.000	0.300
7	0.9	0.000	0.350
8	1.1	0.000	0.400
9	1.0	0.000	0.450
10	1.3	0.000	0.500
11	1.2	0.000	0.550
12	1.2	0.000	0.600
13	-0.9	0.000	0.650
14	1.6	0.000	0.700
15	1.8	0.000	0.750
16	3.9	0.000	0.800
17	-1.5	0.000	0.850
18	1.4	0.000	0.900
19	4.5	0.000	0.950
20	4.9	0.000	1.000
21	1.6	0.000	1.050
22	2.1	0.000	1.100
23	2.2	0.000	1.150
24	2.3	0.000	1.200
25	2.1	0.000	1.250
26	2.2	0.020	1.300
27	2.5	0.020	1.350
28	2.5	0.020	1.401
29	2.4	0.020	1.450
30	2.4	0.020	1.500
31	2.5	0.020	1.550
32	2.5	0.020	1.600
33	2.5	0.020	1.650
34	2.5	0.020	1.700
35	2.5	0.020	1.750
36	2.5	0.020	1.800
37	2.6	0.020	1.850
38	2.6	0.020	1.900
39	2.5	0.020	1.950
40	2.5	0.020	2.000
41	2.5	0.020	2.050
42	2.6	0.020	2.100
43	2.5	0.020	2.150
44	2.5	0.040	2.200
45	2.6	0.040	2.251
46	2.5	0.040	2.300
47	2.6	0.040	2.351
48	2.5	0.040	2.400
49	2.5	0.040	2.450
50	2.5	0.040	2.501
51	2.5	0.040	2.550
52	2.5	0.040	2.601
53	2.5	0.040	2.650
54	2.5	0.040	2.700
55	2.6	0.040	2.750
56	2.6	0.060	2.800
57	2.6	0.060	2.850
58	2.6	0.060	2.900
59	2.6	0.060	2.950
60	2.6	0.060	3.000
61	2.6	0.060	3.050
62	2.5	0.060	3.100
63	2.5	0.060	3.150
64	2.6	0.060	3.200
65	2.6	0.060	3.250
66	2.7	0.060	3.300
67	2.6	0.060	3.350
68	2.6	0.060	3.400
69	2.6	0.060	3.450
70	2.7	0.060	3.500
71	2.6	0.060	3.550
72	2.6	0.060	3.600
73	2.6	0.060	3.650
74	2.7	0.100	3.700
75	2.6	0.100	3.750
76	2.6	0.100	3.801
77	2.6	0.100	3.850
78	2.6	0.100	3.900
79	2.6	0.100	3.950
80	2.6	0.100	4.000
81	2.6	0.100	4.050
82	2.6	0.100	4.100
83	2.7	0.100	4.150
84	2.7	0.100	4.200
85	2.6	0.100	4.251
86	2.6	0.120	4.300
87	2.6	0.120	4.350
88	2.7	0.120	4.400
89	2.7	0.120	4.450
90	2.7	0.120	4.500
91	2.6	0.120	4.550
92	2.7	0.120	4.600
93	2.7	0.120	4.650
94	2.7	0.120	4.700
95	2.6	0.120	4.750
96	2.6	0.120	4.800
97	2.7	0.120	4.850
98	2.7	0.120	4.901
99	2.7	0.120	4.950
100	2.6	0.120	5.000
101	2.7	0.120	5.050
102	2.7	0.120	5.100
103	2.7	0.120	5.150
104	2.6	0.140	5.200
105	2.7	0.140	5.250
106	2.6	0.140	5.300
107	2.7	0.140	5.350
108	2.7	0.140	5.400
109	2.7	0.140	5.450
110	2.7	0.140	5.500
111	2.8	0.140	5.550
112	2.8	0.140	5.600
113	2.8	0.140	5.650
114	2.7	0.140	5.700
115	2.7	0.140	5.750
116	2.7	0.160	5.800
117	2.8	0.160	5.851
118	2.7	0.160	5.900
119	2.7	0.160	5.950
120	2.7	0.160	6.000
121	2.8	0.160	6.050
122	2.8	0.160	6.100
123	2.8	0.160	6.150
124	2.7	0.160	6.200
125	2.7	0.160	6.251
126	2.8	0.160	6.300
127	2.7	0.160	6.350
128	2.7	0.160	6.400
129	2.7	0.160	6.450
130	2.7	0.160	6.500
131	2.8	0.160	6.551
132	2.8	0.160	6.600
133	2.7	0.200	6.650
134	2.8	0.200	6.700
135	2.8	0.200	6.750
136	2.8	0.200	6.801
137	2.8	0.200	6.850
138	2.7	0.200	6.900
139	2.8	0.200	6.950
140	2.8	0.200	7.000
141	2.8	0.200	7.050
142	2.7	0.200	7.100
143	2.7	0.200	7.150
144	2.8	0.200	7.200
145	2.8	0.200	7.250
146	2.8	0.220	7.300
147	2.7	0.220	7.350
148	2.7	0.220	7.400
149	2.8	0.220	7.450
150	2.8	0.220	7.500
151	2.7	0.220	7.550
152	2.7	0.220	7.600
153	2.8	0.220	7.650
154	2.8	0.220	7.700
155	2.8	0.220	7.750
156	2.8	0.220	7.801
157	2.8	0.220	7.850
158	2.8	0.220	7.900
159	2.9	0.220	7.950
160	2.8	0.220	8.000
161	2.8	0.220	8.050
162	2.8	0.220	8.100
163	2.8	0.220	8.150
164	2.8	0.240	8.200
165	2.8	0.240	8.250
166	2.8	0.240	8.301
167	2.8	0.240	8.350
168	2.9	0.240	8.400
169	2.9	0.240	8.450
170	2.8	0.240	8.500
171	2.8	0.240	8.550
172	2.8	0.240	8.600
173	2.7	0.240	8.650
174	2.9	0.240	8.700
175	2.8	0.240	8.750
176	2.8	0.260	8.800
177	2.9	0.260	8.850
178	2.9	0.260	8.900
179	2.9	0.260	8.950
180	2.8	0.260	9.000
181	2.8	0.260	9.050
182	2.9	0.260	9.100
183	2.9	0.260	9.150
184	2.8	0.260	9.200
185	2.8	0.260	9.250
186	2.8	0.260	9.300
187	2.8	0.260	9.350
188	2.9	0.260	9.400
189	2.8	0.260	9.450
190	2.8	0.260	9.500
191	2.9	0.260	9.550
192	2.9	0.260	9.600
193	2.9	0.260	9.650
194	2.8	0.300	9.700
195	2.8	0.300	9.750
196	2.9	0.300	9.800
197	2.9	0.300	9.850
198	2.8	0.300	9.900
199	2.8	0.300	9.950
200	2.9	0.300	10.000
201	3.0	0.300	10.050
202	3.0	0.300	10.100
203	2.9	0.300	10.150
204	2.8	0.300	10.200
205	2.9	0.300	10.250
206	3.0	0.300	10.300
207	2.9	0.300	10.350
208	2.9	0.300	10.400
209	2.9	0.300	10.451
210	3.0	0.300	10.500
211	3.0	0.300	10.550
212	2.9	0.320	10.600
213	2.9	0.320	10.650
214	2.9	0.320	10.701
215	3.0	0.320	10.750
216	3.0	0.320	10.800
217	2.9	0.320	10.850
218	2.9	0.320	10.900
219	2.9	0.320	10.950
220	3.0	0.320	11.001
221	3.0	0.320	11.051
222	3.0	0.320	11.100
223	3.0	0.320	11.150
224	3.0	0.340	11.200
225	3.0	0.340	11.250
226	2.9	0.340	11.300
227	2.9	0.340	11.350
228	2.9	0.340	11.400
229	3.0	0.340	11.450
230	3.0	0.340	11.500
231	3.0	0.340	11.550
232	3.1	0.340	11.600
233	3.0	0.340	11.651
234	3.0	0.340	11.700
235	3.0	0.340	11.750
236	3.0	0.340	11.800
237	2.9	0.340	11.850
238	2.9	0.340	11.900
239	3.0	0.340	11.950
240	2.9	0.340	12.000
241	3.0	0.340	12.050
242	3.0	0.380	12.100
243	3.0	0.380	12.150
244	3.1	0.380	12.200
245	3.0	0.380	12.250
246	3.0	0.380	12.301
247	3.0	0.380	12.350
248	3.1	0.380	12.400
249	3.1	0.380	12.450
250	3.0	0.380	12.500
251	3.0	0.380	12.550
252	3.0	0.380	12.600
253	3.0	0.380	12.650
254	3.1	0.400	12.700
255	3.0	0.400	12.750
256	3.0	0.400	12.800
257	3.1	0.400	12.850
258	3.1	0.400	12.900
259	3.1	0.400	12.950
260	3.0	0.400	13.000
261	3.0	0.400	13.050
262	3.1	0.400	13.100
263	3.2	0.400	13.151
264	3.1	0.400	13.200
265	3.0	0.400	13.250
266	3.1	0.400	13.300
267	3.2	0.400	13.351
268	3.1	0.400	13.400
269	3.2	0.400	13.450
270	3.1	0.400	13.500
271	3.1	0.400	13.550
272	3.2	0.400	13.600
273	3.1	0.420	13.650
274	3.1	0.420	13.700
275	3.2	0.420	13.750
276	3.2	0.420	13.800
277	3.3	0.420	13.850
278	3.2	0.420	13.900
279	3.1	0.420	13.950
280	3.2	0.420	14.000
281	3.2	0.420	14.050
282	3.2	0.420	14.100
283	3.1	0.420	14.150
284	3.2	0.420	14.200
285	3.2	0.420	14.250
286	3.2	0.440	14.300
287	3.2	0.440	14.350
288	3.2	0.440	14.400
289	3.2	0.440	14.450
290	3.2	0.440	14.500
291	3.3	0.440	14.550
292	3.2	0.440	14.600
293	3.3	0.440	14.650
294	3.2	0.440	14.700
295	3.3	0.440	14.750
296	3.3	0.440	14.800
297	3.2	0.440	14.850
298	3.2	0.440	14.900
299	3.2	0.440	14.950
300	3.3	0.440	15.000
301	3.3	0.440	15.050
302	3.2	0.440	15.100
303	3.2	0.440	15.150
304	3.3	0.480	15.200
305	3.3	0.480	15.250
306	3.3	0.480	15.300
307	3.3	0.480	15.350
308	3.3	0.480	15.400
309	3.4	0.480	15.450
310	3.3	0.480	15.500
311	3.3	0.480	15.550
312	3.3	0.480	15.600
313	3.3	0.480	15.650
314	3.4	0.480	15.700
315	3.3	0.480	15.750
316	3.3	0.480	15.800
317	3.3	0.500	15.850
318	3.4	0.500	15.900
319	3.4	0.500	15.950
320	3.4	0.500	16.000
321	3.3	0.500	16.050
322	3.4	0.500	16.100
323	3.3	0.500	16.150
324	3.4	0.500	16.200
325	3.4	0.500	16.250
326	3.3	0.500	16.300
327	3.3	0.500	16.350
328	3.4	0.500	16.400
329	3.4	0.500	16.450
330	3.4	0.500	16.500
331	3.4	0.500	16.550
332	3.4	0.500	16.600
333	3.5	0.500	16.650
334	3.5	0.500	16.700
335	3.5	0.520	16.750
336	3.4	0.520	16.800
337	3.5	0.520	16.850
338	3.6	0.520	16.900
339	3.4	0.520	16.950
340	3.4	0.520	17.000
341	3.5	0.520	17.050
342	3.6	0.520	17.100
343	3.5	0.520	17.150
344	3.5	0.520	17.200
345	3.5	0.520	17.250
346	3.5	0.520	17.300
347	3.6	0.540	17.350
348	3.6	0.540	17.400
349	3.5	0.540	17.450
350	3.5	0.540	17.500
351	3.6	0.540	17.551
352	3.6	0.540	17.600
353	3.5	0.540	17.650
354	3.5	0.540	17.700
355	3.6	0.540	17.750
356	3.6	0.540	17.801
357	3.7	0.540	17.850
358	3.6	0.540	17.900
359	3.6	0.540	17.950
360	3.6	0.540	18.000
361	3.7	0.540	18.050
362	3.6	0.540	18.100
363	3.6	0.540	18.150
364	3.6	0.540	18.200
365	3.7	0.540	18.250
366	3.7	0.580	18.300
367	3.7	0.580	18.350
368	3.6	0.580	18.400
369	3.6	0.580	18.450
370	3.7	0.580	18.500
371	3.8	0.580	18.550
372	3.6	0.580	18.600
373	3.7	0.580	18.650
374	3.7	0.580	18.700
375	3.7	0.580	18.750
376	3.8	0.580	18.800
377	3.8	0.600	18.850
378	3.7	0.600	18.901
379	3.7	0.600	18.952
380	3.7	0.600	19.000
381	3.7	0.600	19.050
382	3.7	0.600	19.100
383	3.7	0.600	19.150
384	3.8	0.600	19.200
385	3.9	0.600	19.250
386	3.7	0.600	19.300
387	3.7	0.600	19.350
388	3.8	0.600	19.400
389	3.9	0.600	19.450
390	3.9	0.600	19.500
391	3.8	0.600	19.550
392	3.7	0.600	19.600
393	3.8	0.600	19.650
394	3.9	0.600	19.700
395	3.9	0.600	19.750
396	3.8	0.600	19.800
397	3.8	0.620	19.850
398	3.9	0.620	19.906
399	3.9	0.620	19.950
400	3.9	0.620	20.000
401	3.9	0.620	20.050
402	3.9	0.620	20.100
403	3.9	0.620	20.150
404	3.8	0.620	20.200
405	3.8	0.620	20.250
406	3.9	0.620	20.300
407	3.9	0.620	20.350
408	4.0	0.620	20.400
409	4.0	0.620	20.450
410	3.8	0.620	20.501
411	3.9	0.620	20.550
412	3.9	0.620	20.600
413	4.0	0.620	20.650
414	4.0	0.620	20.700
415	3.9	0.660	20.750
416	4.0	0.660	20.800
417	4.1	0.660	20.850
418	4.1	0.660	20.900
419	4.1	0.660	20.951
420	3.9	0.660	21.000
421	4.1	0.660	21.050
422	4.1	0.660	21.100
423	4.1	0.660	21.150
424	4.0	0.660	21.200
425	4.0	0.660	21.250
426	4.1	0.660	21.301
427	4.0	0.680	21.351
428	4.1	0.680	21.400
429	4.0	0.680	21.450
430	4.1	0.680	21.500
431	4.2	0.680	21.550
432	4.3	0.680	21.600
433	4.2	0.680	21.650
434	4.1	0.680	21.700
435	4.2	0.680	21.750
436	4.3	0.680	21.800
437	4.2	0.680	21.850
438	4.2	0.680	21.900
439	3.7	0.680	21.950
440	3.7	0.680	22.000
441	3.8	0.680	22.050
442	3.9	0.680	22.100
443	3.8	0.680	22.150
444	3.9	0.680	22.200
445	4.0	0.700	22.250
446	4.0	0.700	22.300
447	4.0	0.700	22.350
448	4.0	0.700	22.400
449	4.0	0.700	22.450
450	4.1	0.700	22.501
451	3.9	0.700	22.550
452	3.9	0.700	22.600
453	3.9	0.700	22.650
454	4.0	0.700	22.700
455	4.1	0.700	22.750
456	4.2	0.700	22.800
457	4.0	0.720	22.850
458	4.1	0.720	22.900
459	4.3	0.720	22.950
460	4.3	0.720	23.000
461	4.3	0.720	23.050
462	4.2	0.720	23.100
463	4.3	0.720	23.150
464	4.1	0.720	23.200
465	4.1	0.720	23.250
466	4.2	0.720	23.300
467	4.1	0.720	23.351
468	4.2	0.720	23.400
469	4.3	0.720	23.450
470	4.3	0.720	23.500
471	4.2	0.720	23.550
472	4.3	0.720	23.600
473	4.3	0.720	23.651
474	4.4	0.720	23.700
475	4.2	0.720	23.750
476	4.2	0.760	23.801
477	4.3	0.760	23.850
478	4.4	0.760	23.900
479	4.5	0.760	23.950
480	4.4	0.760	24.000
481	4.4	0.760	24.050
482	4.4	0.760	24.100
483	4.5	0.760	24.150
484	4.5	0.760	24.201
485	4.5	0.760	24.250
486	4.5	0.760	24.300
487	4.6	0.780	24.351
488	4.6	0.780	24.400
489	4.6	0.780	24.450
490	4.5	0.780	24.500
491	4.6	0.780	24.550
492	4.6	0.780	24.600
493	4.6	0.780	24.650
494	4.6	0.780	24.700
495	4.5	0.780	24.750
496	4.6	0.780	24.800
497	4.8	0.780	24.850
498	4.7	0.780	24.900
499	4.6	0.780	24.950
500	4.6	0.780	25.000
501	4.7	0.780	25.050
502	4.8	0.780	25.100
503	4.8	0.780	25.150
504	4.5	0.780	25.200
505	4.6	0.780	25.250
506	4.7	0.800	25.300
507	4.8	0.800	25.350
508	4.8	0.800	25.400
509	4.7	0.800	25.450
510	4.8	0.800	25.500
511	4.9	0.800	25.550
512	4.9	0.800	25.600
513	4.8	0.800	25.650
514	4.8	0.800	25.700
515	4.8	0.800	25.750
516	4.9	0.800	25.800
517	4.9	0.800	25.850
518	4.9	0.820	25.900
519	4.9	0.820	25.950
520	5.0	0.820	26.000
521	5.1	0.820	26.050
522	4.9	0.820	26.101
523	4.9	0.820	26.150
524	5.0	0.820	26.200
525	5.0	0.820	26.250
526	5.1	0.820	26.301
527	5.1	0.820	26.350
528	5.0	0.820	26.400
529	5.1	0.820	26.450
530	5.2	0.820	26.500
531	5.2	0.820	26.550
532	5.2	0.820	26.600
533	5.1	0.820	26.651
534	5.2	0.820	26.700
535	5.3	0.860	26.750
536	5.2	0.860	26.800
537	5.2	0.860	26.850
538	5.2	0.860	26.900
539	5.3	0.860	26.950
540	5.3	0.860	27.000
541	5.4	0.860	27.050
542	5.3	0.860	27.101
543	5.4	0.860	27.150
544	5.5	0.860	27.201
545	5.3	0.860	27.250
546	5.2	0.860	27.300
547	5.2	0.860	27.351
548	5.3	0.880	27.400
549	5.4	0.880	27.450
550	5.5	0.880	27.500
551	5.4	0.880	27.550
552	5.5	0.880	27.601
553	5.5	0.880	27.650
554	5.6	0.880	27.700
555	5.6	0.880	27.750
556	5.6	0.880	27.800
557	5.6	0.880	27.850
558	5.8	0.880	27.900
559	5.8	0.880	27.950
560	5.8	0.880	28.000
561	5.7	0.880	28.050
562	5.8	0.880	28.100
563	6.0	0.880	28.151
564	6.0	0.880	28.200
565	5.9	0.880	28.250
566	5.9	0.900	28.300
567	6.0	0.900	28.350
568	6.1	0.900	28.400
569	6.1	0.900	28.451
570	6.0	0.900	28.500
571	6.1	0.900	28.550
572	6.2	0.900	28.600
573	6.3	0.900	28.651
574	6.3	0.900	28.700
575	6.2	0.900	28.750
576	6.3	0.900	28.800
577	6.4	0.900	28.850
578	6.4	0.920	28.900
579	6.3	0.920	28.950
580	6.3	0.920	29.000
581	6.5	0.920	29.050
582	6.6	0.920	29.100
583	6.5	0.920	29.150
584	6.5	0.920	29.200
585	6.5	0.920	29.250
586	6.7	0.920	29.300
587	6.7	0.920	29.350
588	6.7	0.920	29.400
589	6.7	0.920	29.450
590	6.7	0.920	29.500
591	6.8	0.920	29.550
592	6.8	0.920	29.600
593	6.8	0.920	29.651
594	6.8	0.920	29.700
595	6.8	0.920	29.751
596	6.9	0.960	29.800
597	7.0	0.960	29.850
598	6.9	0.960	29.901
599	7.0	0.960	29.950
600	7.1	0.960	30.000
601	7.1	0.960	30.050
602	7.1	0.960	30.100
603	7.1	0.960	30.151
604	7.1	0.960	30.201
605	7.2	0.960	30.250
606	7.2	0.960	30.300
607	7.2	0.960	30.350
608	7.2	0.960	30.400
609	7.3	0.960	30.450
610	7.4	0.960	30.500
611	7.4	0.960	30.550
612	7.4	0.960	30.600
613	7.4	0.960	30.650
614	7.5	0.980	30.700
615	7.6	0.980	30.750
616	7.5	0.980	30.800
617	7.5	0.980	30.850
618	7.6	0.980	30.900
619	7.7	0.980	30.950
620	7.7	0.980	31.000
621	7.8	0.980	31.050
622	7.7	0.980	31.100
623	7.6	0.980	31.150
624	7.7	0.980	31.200
625	7.7	0.980	31.250
626	7.7	0.980	31.300
627	7.7	1.000	31.350
628	7.8	1.000	31.400
629	7.9	1.000	31.450
630	7.9	1.000	31.500
631	7.9	1.000	31.550
632	7.9	1.000	31.600
633	8.1	1.000	31.650
634	8.2	1.000	31.700
635	8.2	1.000	31.750
636	8.1	1.000	31.800
637	8.1	1.000	31.850
638	8.3	1.000	31.900
639	8.4	1.000	31.950
640	8.3	1.000	32.000
641	8.3	1.000	32.050
642	8.4	1.000	32.100
643	8.5	1.000	32.150
644	8.6	1.040	32.200
645	8.5	1.040	32.250
646	8.5	1.040	32.300
647	8.5	1.040	32.351
648	8.7	1.040	32.400
649	8.7	1.040	32.451
650	8.8	1.040	32.500
651	8.7	1.040	32.550
652	8.9	1.040	32.600
653	9.0	1.040	32.650
654	9.0	1.040	32.700
655	8.9	1.040	32.750
656	9.0	1.060	32.800
657	9.2	1.060	32.850
658	9.2	1.060	32.900
659	9.2	1.060	32.950
660	9.3	1.060	33.000
661	9.3	1.060	33.050
662	9.5	1.060	33.100
663	9.5	1.060	33.150
664	9.5	1.060	33.200
665	9.5	1.060	33.250
666	9.6	1.060	33.300
667	9.7	1.060	33.350
668	9.7	1.060	33.400
669	9.7	1.060	33.450
670	9.8	1.060	33.500
671	9.9	1.060	33.551
672	10.0	1.060	33.600
673	10.0	1.060	33.650
674	9.9	1.080	33.700
675	10.1	1.080	33.750
676	10.2	1.080	33.800
677	10.2	1.080	33.850
678	10.2	1.080	33.900
679	10.2	1.080	33.950
680	10.3	1.080	34.000
681	10.4	1.080	34.050
682	10.4	1.080	34.100
683	10.4	1.080	34.150
684	10.5	1.080	34.200
685	10.6	1.080	34.250
686	10.7	1.100	34.300
687	10.6	1.100	34.351
688	10.5	1.100	34.400
689	10.7	1.100	34.450
690	10.8	1.100	34.501
691	10.9	1.100	34.550
692	10.7	1.100	34.600
693	10.8	1.100	34.650
694	11.0	1.100	34.700
695	11.1	1.100	34.750
696	11.1	1.100	34.800
697	11.1	1.100	34.850
698	11.1	1.100	34.900
699	11.3	1.100	34.950
700	11.4	1.100	35.000
701	11.3	1.100	35.050
702	11.3	1.100	35.100
703	11.3	1.100	35.150
704	11.6	1.140	35.200
705	11.6	1.140	35.251
706	11.5	1.140	35.300
707	11.6	1.140	35.350
708	11.7	1.140	35.400
709	11.9	1.140	35.450
710	11.8	1.140	35.500
711	11.6	1.140	35.550
712	11.7	1.140	35.601
713	11.9	1.140	35.650
714	12.0	1.140	35.700
715	12.0	1.140	35.751
716	11.9	1.160	35.800
717	12.1	1.160	35.850
718	12.3	1.160	35.901
719	12.3	1.160	35.950
720	12.3	1.160	36.000
721	12.2	1.160	36.050
722	12.4	1.160	36.100
723	12.6	1.160	36.151
724	12.6	1.160	36.201
725	12.5	1.160	36.250
726	12.5	1.160	36.300
727	12.7	1.160	36.350
728	12.9	1.160	36.400
729	12.8	1.160	36.450
730	12.8	1.160	36.500
731	12.9	1.160	36.551
732	12.9	1.160	36.600
733	13.2	1.160	36.650
734	12.9	1.180	36.700
735	13.0	1.180	36.750
736	13.2	1.180	36.800
737	13.3	1.180	36.850
738	13.4	1.180	36.900
739	13.3	1.180	36.950
740	13.2	1.180	37.000
741	13.5	1.180	37.050
742	13.6	1.180	37.100
743	13.5	1.180	37.150
744	13.5	1.180	37.200
745	13.6	1.200	37.250
746	13.9	1.200	37.300
747	13.8	1.200	37.350
748	13.8	1.200	37.400
749	13.8	1.200	37.450
750	13.8	1.200	37.500
751	14.1	1.200	37.550
752	14.1	1.200	37.600
753	14.0	1.200	37.650
754	14.1	1.200	37.700
755	14.2	1.200	37.750
756	14.4	1.200	37.800
757	14.6	1.200	37.851
758	14.1	1.200	37.900
759	14.3	1.200	37.951
760	14.2	1.200	38.000
761	14.5	1.200	38.050
762	14.5	1.200	38.100
763	14.4	1.240	38.150
764	14.4	1.240	38.200
765	14.8	1.240	38.250
766	14.7	1.240	38.300
767	14.6	1.240	38.350
768	14.7	1.240	38.400
769	14.8	1.240	38.450
770	15.1	1.240	38.500
771	15.1	1.240	38.550
772	14.9	1.240	38.600
773	15.0	1.240	38.650
774	15.1	1.260	38.700
775	15.4	1.260	38.750
776	15.3	1.260	38.800
777	15.2	1.260	38.850
778	15.3	1.260	38.900
779	15.5	1.260	38.950
780	15.4	1.260	39.000
781	15.5	1.260	39.050
782	13.1	1.260	39.100
783	15.7	1.260	39.150
784	15.9	1.260	39.200
785	15.8	1.260	39.250
786	15.8	1.260	39.300
787	15.7	1.260	39.350
788	16.0	1.260	39.400
789	16.2	1.260	39.450
790	16.1	1.260	39.500
791	16.0	1.260	39.550
792	16.0	1.260	39.600
793	16.4	1.280	39.650
794	18.6	1.280	39.700
795	16.3	1.280	39.750
796	16.2	1.280	39.800
797	16.4	1.280	39.850
798	16.4	1.280	39.900
799	16.8	1.280	39.950
800	16.6	1.280	40.000
801	16.6	1.280	40.050
802	16.7	1.280	40.100
803	17.0	1.280	40.150
804	17.0	1.280	40.200
805	16.8	1.280	40.250
806	14.4	1.280	40.300
807	17.0	1.280	40.350
808	17.3	1.280	40.400
809	17.3	1.280	40.450
810	17.5	1.280	40.500
811	14.8	1.280	40.550
812	17.6	1.320	40.600
813	19.9	1.320	40.650
814	17.3	1.320	40.700
815	17.4	1.320	40.750
816	17.5	1.320	40.800
817	17.8	1.320	40.851
818	20.2	1.320	40.900
819	17.6	1.320	40.950
820	17.7	1.320	41.000
821	17.8	1.320	41.051
822	18.1	1.320	41.100
823	18.0	1.340	41.150
824	17.9	1.340	41.200
825	18.1	1.340	41.250
826	18.3	1.340	41.300
827	18.5	1.340	41.350
828	20.7	1.340	41.401
829	18.2	1.340	41.450
830	18.6	1.340	41.500
831	18.7	1.340	41.550
832	18.7	1.340	41.600
833	18.5	1.340	41.651
834	18.5	1.340	41.700
835	18.8	1.340	41.750
836	19.0	1.340	41.800
837	21.5	1.340	41.851
838	18.8	1.340	41.900
839	18.8	1.340	41.950
840	19.2	1.340	42.000
841	19.4	1.360	42.050
842	21.8	1.360	42.100
843	19.0	1.360	42.150
844	17.0	1.360	42.200
845	19.4	1.360	42.250
846	22.0	1.360	42.300
847	19.4	1.360	42.350
848	19.3	1.360	42.400
849	19.5	1.360	42.450
850	19.9	1.360	42.500
851	22.6	1.360	42.550
852	19.6	1.360	42.601
853	19.6	1.380	42.650
854	17.2	1.380	42.700
855	20.2	1.380	42.751
856	22.6	1.380	42.800
857	19.8	1.380	42.850
858	17.1	1.380	42.900
859	20.4	1.380	42.950
860	23.2	1.380	43.000
861	22.6	1.380	43.050
862	20.1	1.380	43.101
863	17.8	1.380	43.150
864	20.7	1.380	43.200
865	23.6	1.380	43.250
866	20.4	1.380	43.301
867	20.3	1.380	43.350
868	20.7	1.380	43.400
869	21.0	1.380	43.450
870	23.0	1.380	43.500
871	20.6	1.380	43.550
872	20.7	1.420	43.601
873	20.9	1.420	43.650
874	21.2	1.420	43.700
875	23.3	1.420	43.750
876	20.9	1.420	43.800
877	18.1	1.420	43.851
878	21.4	1.420	43.900
879	24.2	1.420	43.950
880	21.2	1.420	44.000
881	18.5	1.420	44.050
882	21.1	1.420	44.100
883	21.7	1.440	44.150
884	24.8	1.440	44.201
885	21.5	1.440	44.250
886	18.8	1.440	44.300
887	21.8	1.440	44.350
888	22.1	1.440	44.401
889	24.8	1.440	44.450
890	21.6	1.440	44.500
891	22.2	1.440	44.550
892	22.0	1.440	44.600
893	24.5	1.440	44.650
894	22.0	1.440	44.701
895	21.9	1.440	44.750
896	22.2	1.440	44.800
897	22.5	1.440	44.850
898	22.6	1.440	44.900
899	22.2	1.440	44.950
900	19.3	1.440	45.000
901	20.2	1.440	45.051
902	22.8	1.460	45.100
903	25.4	1.460	45.150
904	22.4	1.460	45.200
905	19.2	1.460	45.250
906	22.3	1.460	45.300
907	25.2	1.460	45.351
908	25.4	1.460	45.400
909	19.5	1.460	45.450
910	22.3	1.460	45.500
911	22.6	1.460	45.550
912	25.7	1.460	45.600
913	22.3	1.460	45.650
914	22.2	1.480	45.700
915	19.7	1.480	45.750
916	22.8	1.480	45.800
917	26.0	1.480	45.850
918	20.0	1.480	45.901
919	22.6	1.480	45.951
920	22.9	1.480	46.000
921	25.5	1.480	46.050
922	25.2	1.480	46.100
923	22.8	1.480	46.150
924	19.7	1.480	46.202
925	19.6	1.480	46.251
926	26.0	1.480	46.300
927	23.2	1.480	46.350
928	20.4	1.480	46.400
929	21.1	1.480	46.450
930	26.7	1.480	46.500
931	26.5	1.480	46.550
932	27.1	1.520	46.600
933	21.2	1.520	46.650
934	20.8	1.520	46.700
935	24.0	1.520	46.750
936	27.2	1.520	46.800
937	23.5	1.520	46.850
938	20.4	1.520	46.900
939	24.0	1.520	46.950
940	26.6	1.520	47.000
941	26.9	1.520	47.050
942	21.4	1.520	47.100
943	21.8	1.520	47.150
944	24.4	1.520	47.200
945	27.5	1.540	47.250
946	24.1	1.540	47.300
947	20.6	1.540	47.350
948	22.3	1.540	47.400
949	24.7	1.540	47.450
950	27.9	1.540	47.501
951	27.1	1.540	47.550
952	21.6	1.540	47.600
953	22.0	1.540	47.650
954	25.1	1.540	47.710
955	25.0	1.540	47.750
956	24.6	1.540	47.800
957	24.7	1.540	47.850
958	25.1	1.540	47.901
959	28.0	1.540	47.950
960	25.0	1.540	48.000
961	22.0	1.540	48.050
962	22.3	1.560	48.100
963	25.5	1.560	48.150
964	28.6	1.560	48.200
965	25.2	1.560	48.251
966	25.2	1.560	48.300
967	22.8	1.560	48.350
968	25.8	1.560	48.400
969	29.0	1.560	48.450
970	23.1	1.560	48.500
971	22.1	1.560	48.550
972	25.9	1.560	48.600
973	29.2	1.560	48.650
974	25.7	1.560	48.700
975	25.6	1.560	48.750
976	22.5	1.560	48.800
977	26.2	1.560	48.851
978	29.1	1.560	48.900
979	25.8	1.560	48.950
980	23.4	1.600	49.000
981	22.9	1.600	49.050
982	26.4	1.600	49.100
983	29.5	1.600	49.150
984	26.0	1.600	49.200
985	23.8	1.600	49.251
986	23.2	1.600	49.300
987	23.7	1.600	49.354
988	26.4	1.600	49.400
989	26.2	1.600	49.450
990	23.6	1.600	49.500
991	26.7	1.600	49.550
992	26.8	1.620	49.600
993	29.4	1.620	49.650
994	24.2	1.620	49.700
995	23.5	1.620	49.750
996	27.0	1.620	49.800
997	30.2	1.620	49.850
998	26.6	1.620	49.900
999	23.3	1.620	49.950
1000	27.1	1.620	50.000
1001	27.2	1.620	50.050
1002	30.3	1.620	50.100
1003	27.0	1.620	50.150
1004	23.9	1.620	50.200
1005	27.3	1.620	50.250
1006	30.6	1.620	50.300
1007	27.6	1.620	50.350
1008	27.1	1.620	50.400
1009	25.1	1.620	50.450
1010	27.8	1.620	50.500
1011	30.9	1.640	50.550
1012	27.5	1.640	50.600
1013	27.4	1.640	50.650
1014	25.0	1.640	50.700
1015	28.1	1.640	50.750
1016	31.5	1.640	50.800
1017	27.9	1.640	50.850
1018	24.8	1.640	50.901
1019	25.9	1.640	50.950
1020	31.2	1.640	51.000
1021	30.6	1.640	51.050
1022	28.0	1.640	51.100
1023	25.0	1.640	51.151
1024	28.4	1.660	51.200
1025	31.4	1.660	51.251
1026	28.8	1.660	51.300
1027	28.3	1.660	51.350
1028	25.6	1.660	51.401
1029	28.8	1.660	51.450
1030	31.9	1.660	51.500
1031	28.7	1.660	51.550
1032	29.2	1.660	51.600
1033	25.4	1.660	51.651
1034	29.2	1.660	51.700
1035	31.6	1.660	51.750
1036	29.0	1.660	51.800
1037	26.8	1.660	51.850
1038	29.3	1.660	51.900
1039	29.6	1.660	51.951
1040	32.7	1.660	52.000
1041	29.3	1.700	52.050
1042	26.6	1.700	52.100
1043	29.8	1.700	52.151
1044	30.0	1.700	52.200
1045	33.1	1.700	52.250
1046	27.3	1.700	52.300
1047	32.6	1.700	52.400
1048	32.7	1.700	52.450
1049	27.4	1.700	52.508
1050	30.2	1.700	52.550
1051	27.7	1.700	52.600
1052	30.6	1.720	52.650
1053	30.4	1.720	52.700
1054	30.2	1.720	52.750
1055	27.4	1.720	52.800
1056	30.7	1.720	52.850
1057	30.9	1.720	52.900
1058	33.0	1.720	52.950
1059	30.6	1.720	53.000
1060	30.7	1.720	53.050
1061	31.1	1.720	53.100
1062	33.8	1.720	53.150
1063	31.0	1.720	53.200
1064	31.0	1.720	53.250
1065	28.5	1.720	53.301
1066	31.5	1.720	53.350
1067	34.2	1.720	53.400
1068	31.2	1.720	53.450
1069	31.7	1.740	53.500
1070	31.6	1.740	53.550
1071	31.8	1.740	53.600
1072	34.4	1.740	53.650
1073	31.6	1.740	53.700
1074	29.3	1.740	53.750
1075	29.4	1.740	53.800
1076	34.3	1.740	53.850
1077	31.9	1.740	53.900
1078	31.8	1.740	53.950
1079	29.5	1.740	54.000
1080	32.3	1.740	54.050
1081	32.3	1.740	54.100
1082	32.3	1.760	54.150
1083	32.3	1.760	54.201
1084	32.4	1.760	54.250
1085	32.8	1.760	54.300
1086	32.7	1.760	54.350
1087	32.5	1.760	54.400
1088	30.3	1.760	54.450
1089	32.8	1.760	54.500
1090	35.3	1.760	54.550
1091	35.2	1.760	54.600
1092	32.8	1.760	54.650
1093	32.9	1.760	54.700
1094	33.2	1.760	54.750
1095	35.5	1.760	54.800
1096	33.3	1.760	54.850
1097	33.1	1.760	54.900
1098	33.4	1.760	54.950
1099	33.7	1.760	55.000
1100	33.7	1.800	55.050
1101	33.5	1.800	55.100
1102	31.1	1.800	55.150
1103	31.4	1.800	55.201
1104	34.0	1.800	55.250
1105	33.9	1.800	55.300
1106	33.8	1.800	55.350
1107	33.9	1.800	55.400
1108	34.2	1.800	55.450
1109	34.3	1.800	55.500
1110	34.3	1.800	55.551
1111	34.1	1.800	55.600
1112	34.4	1.820	55.650
1113	34.6	1.820	55.700
1114	36.7	1.820	55.750
1115	34.4	1.820	55.800
1116	34.4	1.820	55.850
1117	34.6	1.820	55.900
1118	34.9	1.820	55.950
1119	34.8	1.820	56.000
1120	34.7	1.820	56.050
1121	32.4	1.820	56.100
1122	34.8	1.820	56.150
1123	35.2	1.820	56.201
1124	37.3	1.820	56.250
1125	34.9	1.820	56.300
1126	32.7	1.820	56.351
1127	35.2	1.820	56.400
1128	35.1	1.820	56.451
1129	35.0	1.820	56.500
1130	34.9	1.820	56.550
1131	35.1	1.840	56.600
1132	35.3	1.840	56.650
1133	35.2	1.840	56.702
1134	37.7	1.840	56.750
1135	35.2	1.840	56.800
1136	35.5	1.840	56.850
1137	38.3	1.840	56.900
1138	38.0	1.840	56.950
1139	35.6	1.840	57.000
1140	35.6	1.840	57.050
1141	35.9	1.840	57.100
1142	36.0	1.860	57.150
1143	35.8	1.860	57.200
1144	35.8	1.860	57.250
1145	36.1	1.860	57.300
1146	36.4	1.860	57.350
1147	36.4	1.860	57.400
1148	36.3	1.860	57.450
1149	36.2	1.860	57.500
1150	33.9	1.860	57.550
1151	36.8	1.860	57.600
1152	36.7	1.860	57.650
1153	36.7	1.860	57.700
1154	36.7	1.860	57.750
1155	36.9	1.860	57.800
1156	37.1	1.860	57.850
1157	36.9	1.860	57.900
1158	36.9	1.860	57.950
1159	37.1	1.860	58.000
1160	39.5	1.900	58.050
1161	40.2	1.900	58.100
1162	39.5	1.900	58.150
1163	37.3	1.900	58.200
1164	37.4	1.900	58.250
1165	37.7	1.900	58.301
1166	37.7	1.900	58.350
1167	37.5	1.900	58.400
1168	35.4	1.900	58.450
1169	37.9	1.900	58.500
1170	38.1	1.900	58.550
1171	37.9	1.900	58.600
1172	37.8	1.900	58.650
1173	35.4	1.900	58.700
1174	38.2	1.900	58.750
1175	38.3	1.900	58.800
1176	38.3	1.900	58.851
1177	38.2	1.900	58.900
1178	38.5	1.920	58.950
1179	38.7	1.920	59.000
1180	38.6	1.920	59.050
1181	38.5	1.920	59.100
1182	38.6	1.920	59.150
1183	38.9	1.920	59.200
1184	39.1	1.920	59.250
1185	41.4	1.920	59.300
1186	38.8	1.920	59.350
1187	38.9	1.920	59.400
1188	39.2	1.920	59.450
1189	39.3	1.920	59.500
1190	39.1	1.920	59.550
1191	39.2	1.940	59.600
1192	37.0	1.940	59.650
1193	39.6	1.940	59.700
1194	39.5	1.940	59.750
1195	39.4	1.940	59.800
1196	37.1	1.940	59.850
1197	39.4	1.940	59.900
1198	39.8	1.940	59.951
1199	39.9	1.940	60.000
1200	39.7	1.940	60.050
1201	39.8	1.940	60.100
1202	40.0	1.940	60.150
1203	42.3	1.940	60.200
1204	40.1	1.940	60.250
1205	40.0	1.940	60.300
1206	40.2	1.940	60.350
1207	40.4	1.940	60.400
1208	40.5	1.980	60.450
1209	40.4	1.980	60.500
1210	40.2	1.980	60.551
1211	40.4	1.980	60.600
1212	40.7	1.980	60.650
1213	40.6	1.980	60.700
1214	40.5	1.980	60.750
1215	38.3	1.980	60.800
1216	40.8	1.980	60.850
1217	41.1	1.980	60.900
1218	41.0	1.980	60.950
1219	40.8	1.980	61.001
1220	38.5	1.980	61.050
1221	41.2	2.000	61.100
1222	41.3	2.000	61.150
1223	41.2	2.000	61.200
1224	41.2	2.000	61.250
1225	41.3	2.000	61.300
1226	41.6	2.000	61.352
1227	41.7	2.000	61.400
1228	41.4	2.000	61.450
1229	39.3	2.000	61.500
1230	41.7	2.000	61.550
1231	41.9	2.000	61.600
1232	44.3	2.000	61.650
1233	41.7	2.000	61.700
1234	41.8	2.000	61.750
1235	42.1	2.000	61.800
1236	42.2	2.000	61.850
1237	42.0	2.000	61.900
1238	42.0	2.020	61.950
1239	39.8	2.020	62.000
1240	42.5	2.020	62.050
1241	42.5	2.020	62.101
1242	42.5	2.020	62.150
1243	39.9	2.020	62.200
1244	42.6	2.020	62.250
1245	42.8	2.020	62.300
1246	42.7	2.020	62.350
1247	42.6	2.020	62.400
1248	42.7	2.020	62.450
1249	43.0	2.020	62.500
1250	43.0	2.040	62.550
1251	43.1	2.040	62.601
1252	42.9	2.040	62.650
1253	43.2	2.040	62.700
1254	43.4	2.040	62.750
1255	45.8	2.040	62.800
1256	43.4	2.040	62.851
1257	43.2	2.040	62.900
1258	43.5	2.040	62.950
1259	43.7	2.040	63.000
1260	43.6	2.040	63.050
1261	43.5	2.040	63.100
1262	43.6	2.040	63.150
1263	43.8	2.040	63.200
1264	44.1	2.040	63.250
1265	44.0	2.040	63.301
1266	43.9	2.040	63.350
1267	41.9	2.040	63.400
1268	44.3	2.040	63.450
1269	44.4	2.080	63.500
1270	44.2	2.080	63.550
1271	44.2	2.080	63.600
1272	44.3	2.080	63.650
1273	44.7	2.080	63.700
1274	44.7	2.080	63.750
1275	44.5	2.080	63.800
1276	44.6	2.080	63.851
1277	44.8	2.080	63.900
1278	45.0	2.080	63.950
1279	47.3	2.080	64.000
1280	44.8	2.100	64.050
1281	44.8	2.100	64.100
1282	45.0	2.100	64.150
1283	45.3	2.100	64.200
1284	45.0	2.100	64.250
1285	45.0	2.100	64.300
1286	42.9	2.100	64.350
1287	45.5	2.100	64.400
1288	45.5	2.100	64.450
1289	45.4	2.100	64.500
1290	45.3	2.100	64.551
1291	43.2	2.100	64.600
1292	45.9	2.100	64.650
1293	45.8	2.100	64.700
1294	45.7	2.100	64.750
1295	45.7	2.100	64.800
1296	46.0	2.100	64.851
1297	46.1	2.100	64.900
1298	45.9	2.120	64.950
1299	45.9	2.120	65.000
1300	46.0	2.120	65.050
1301	46.2	2.120	65.100
1302	48.6	2.120	65.150
1303	46.1	2.120	65.200
1304	46.2	2.120	65.250
1305	46.3	2.120	65.300
1306	46.5	2.120	65.350
1307	46.4	2.120	65.400
1308	46.3	2.120	65.450
1309	46.3	2.120	65.500
1310	46.7	2.140	65.550
1311	46.8	2.140	65.601
1312	46.8	2.140	65.650
1313	46.6	2.140	65.700
1314	44.5	2.140	65.750
1315	47.0	2.140	65.801
1316	47.1	2.140	65.850
1317	47.0	2.140	65.900
1318	47.0	2.140	65.950
1319	47.1	2.140	66.000
1320	47.4	2.140	66.050
1321	47.4	2.140	66.100
1322	47.3	2.140	66.150
1323	47.3	2.140	66.200
1324	47.5	2.140	66.250
1325	47.8	2.140	66.301
1326	47.8	2.140	66.350
1327	47.4	2.180	66.400
1328	47.5	2.180	66.451
1329	47.7	2.180	66.500
1330	47.7	2.180	66.550
1331	47.6	2.180	66.600
1332	47.5	2.180	66.650
1333	47.7	2.180	66.700
1334	47.9	2.180	66.750
1335	47.8	2.180	66.800
1336	47.6	2.180	66.850
1337	47.6	2.180	66.900
1338	47.8	2.180	66.950
1339	48.1	2.200	67.000
1340	48.0	2.200	67.050
1341	47.9	2.200	67.100
1342	48.0	2.200	67.151
1343	48.2	2.200	67.200
1344	48.4	2.200	67.250
1345	48.2	2.200	67.300
1346	48.2	2.200	67.351
1347	48.3	2.200	67.400
1348	48.7	2.200	67.451
1349	51.4	2.200	67.500
1350	48.5	2.200	67.550
1351	46.1	2.200	67.600
1352	48.8	2.200	67.650
1353	49.0	2.200	67.700
1354	48.9	2.200	67.750
1355	48.8	2.200	67.800
1356	46.5	2.200	67.851
1357	46.6	2.220	67.900
1358	49.4	2.220	67.950
1359	46.8	2.220	68.000
1360	49.3	2.220	68.050
1361	46.6	2.220	68.100
1362	49.6	2.220	68.150
1363	51.7	2.220	68.200
1364	49.5	2.220	68.250
1365	49.4	2.220	68.300
1366	49.6	2.220	68.350
1367	49.8	2.220	68.400
1368	52.0	2.220	68.450
1369	49.7	2.220	68.500
1370	49.7	2.220	68.550
1371	50.1	2.220	68.600
1372	52.9	2.220	68.650
1373	50.0	2.220	68.700
1374	49.9	2.220	68.750
1375	50.1	2.220	68.800
1376	50.3	2.260	68.850
1377	50.4	2.260	68.900
1378	50.3	2.260	68.951
1379	50.1	2.260	69.000
1380	50.4	2.260	69.050
1381	50.7	2.260	69.100
1382	52.9	2.260	69.150
1383	50.4	2.260	69.200
1384	48.1	2.260	69.250
1385	47.9	2.260	69.300
1386	51.0	2.260	69.351
1387	53.1	2.260	69.400
1388	50.7	2.280	69.450
1389	50.8	2.280	69.500
1390	51.0	2.280	69.550
1391	51.2	2.280	69.600
1392	51.1	2.280	69.650
1393	50.9	2.280	69.700
1394	51.3	2.280	69.750
1395	51.5	2.280	69.800
1396	53.7	2.280	69.850
1397	51.2	2.280	69.900
1398	51.1	2.280	69.950
1399	51.4	2.280	70.000
1400	51.4	2.280	70.050
1401	51.6	2.280	70.101
1402	51.5	2.280	70.150
1403	49.2	2.280	70.200
1404	51.8	2.280	70.250
1405	54.4	2.300	70.300
1406	51.8	2.300	70.351
1407	51.7	2.300	70.400
1408	51.9	2.300	70.450
1409	52.2	2.300	70.500
1410	54.5	2.300	70.550
1411	52.0	2.300	70.600
1412	52.0	2.300	70.650
1413	52.1	2.300	70.700
1414	52.4	2.300	70.750
1415	52.4	2.300	70.800
1416	52.2	2.300	70.850
1417	52.3	2.320	70.900
1418	52.7	2.320	70.950
1419	52.8	2.320	71.000
1420	55.1	2.320	71.050
1421	52.5	2.320	71.100
1422	50.1	2.320	71.151
1423	52.9	2.320	71.200
1424	52.9	2.320	71.250
1425	52.7	2.320	71.300
1426	50.6	2.320	71.350
1427	53.0	2.320	71.400
1428	53.3	2.320	71.450
1429	53.3	2.320	71.500
1430	52.9	2.320	71.550
1431	50.4	2.320	71.600
1432	53.2	2.320	71.650
1433	53.3	2.320	71.700
1434	55.7	2.320	71.750
1435	53.0	2.360	71.800
1436	53.2	2.360	71.850
1437	53.4	2.360	71.900
1438	53.5	2.360	71.950
1439	53.3	2.360	72.000
1440	53.2	2.360	72.050
1441	53.2	2.360	72.100
1442	53.7	2.360	72.150
1443	53.6	2.360	72.200
1444	53.4	2.360	72.250
1445	50.9	2.360	72.300
1446	53.8	2.360	72.350
1447	54.0	2.380	72.400
1448	53.9	2.380	72.450
1449	53.8	2.380	72.500
1450	51.4	2.380	72.550
1451	51.9	2.380	72.600
1452	56.6	2.380	72.650
1453	54.2	2.380	72.700
1454	51.9	2.380	72.750
1455	52.1	2.380	72.800
1456	54.6	2.380	72.850
1457	57.3	2.380	72.900
1458	54.4	2.380	72.950
1459	54.4	2.380	73.000
1460	54.6	2.380	73.050
1461	55.0	2.380	73.100
1462	55.0	2.380	73.150
1463	54.7	2.380	73.200
1464	52.6	2.380	73.250
1465	55.2	2.400	73.300
1466	57.8	2.400	73.350
1467	55.0	2.400	73.400
1468	54.9	2.400	73.450
1469	52.5	2.400	73.500
1470	55.4	2.400	73.550
1471	57.8	2.400	73.600
1472	55.4	2.400	73.650
1473	53.0	2.400	73.700
1474	55.7	2.400	73.750
1475	55.9	2.400	73.800
1476	58.2	2.400	73.850
1477	55.6	2.400	73.900
1478	53.3	2.420	73.950
1479	53.6	2.420	74.000
1480	56.0	2.420	74.054
1481	53.2	2.420	74.100
1482	55.8	2.420	74.150
1483	56.0	2.420	74.200
1484	56.3	2.420	74.250
1485	56.4	2.420	74.300
1486	56.2	2.420	74.350
1487	56.1	2.420	74.400
1488	56.2	2.420	74.450
1489	56.7	2.420	74.500
1490	56.5	2.420	74.550
1491	56.3	2.420	74.600
1492	53.7	2.420	74.650
1493	56.6	2.420	74.700
1494	56.9	2.420	74.750
1495	56.8	2.460	74.800
1496	56.6	2.460	74.850
1497	54.2	2.460	74.900
1498	57.0	2.460	74.950
1499	59.5	2.460	75.000
1500	56.9	2.460	75.050
1501	56.7	2.460	75.100
1502	54.3	2.460	75.151
1503	56.7	2.460	75.200
1504	59.3	2.460	75.250
1505	56.1	2.460	75.300
1506	53.6	2.460	75.350
1507	55.9	2.480	75.400
1508	56.1	2.480	75.451
1509	58.2	2.480	75.500
1510	55.6	2.480	75.550
1511	53.5	2.480	75.600
1512	56.1	2.480	75.650
1513	59.1	2.480	75.700
1514	55.8	2.480	75.750
1515	55.6	2.480	75.800
1516	52.5	2.480	75.851
1517	56.0	2.480	75.900
1518	58.5	2.480	75.950
1519	55.8	2.480	76.000
1520	52.5	2.480	76.050
1521	53.8	2.480	76.100
1522	56.3	2.480	76.150
1523	56.1	2.480	76.200
1524	55.9	2.480	76.250
1525	53.2	2.500	76.300
1526	56.6	2.500	76.350
1527	59.8	2.500	76.400
1528	59.2	2.500	76.450
1529	56.5	2.500	76.500
1530	54.4	2.500	76.550
1531	56.9	2.500	76.600
1532	59.4	2.500	76.650
1533	56.8	2.500	76.701
1534	56.7	2.500	76.750
1535	57.0	2.500	76.800
1536	60.3	2.500	76.850
1537	59.8	2.520	76.900
1538	57.0	2.520	76.950
1539	54.0	2.520	77.000
1540	55.0	2.520	77.050
1541	57.7	2.520	77.101
1542	60.1	2.520	77.150
1543	54.5	2.520	77.200
1544	55.2	2.520	77.250
1545	58.0	2.520	77.300
1546	61.1	2.520	77.350
1547	57.8	2.520	77.400
1548	55.2	2.520	77.450
1549	54.5	2.520	77.501
1550	58.3	2.520	77.550
1551	60.9	2.520	77.600
1552	57.9	2.520	77.650
1553	55.3	2.520	77.700
1554	58.4	2.520	77.750
1555	58.6	2.560	77.800
1556	60.7	2.560	77.850
1557	58.2	2.560	77.900
1558	55.4	2.560	77.950
1559	58.8	2.560	78.000
1560	61.9	2.560	78.051
1561	60.9	2.560	78.100
1562	55.7	2.560	78.150
1563	55.0	2.560	78.200
1564	59.1	2.560	78.250
1565	62.0	2.560	78.300
1566	58.7	2.560	78.350
1567	55.6	2.560	78.400
1568	59.1	2.560	78.450
1569	55.7	2.560	78.500
1570	62.5	2.560	78.550
1571	56.8	2.560	78.600
1572	55.9	2.560	78.650
1573	59.3	2.580	78.700
1574	61.8	2.580	78.750
1575	61.2	2.580	78.800
1576	58.5	2.580	78.850
1577	56.0	2.580	78.901
1578	59.0	2.580	78.950
1579	61.6	2.580	79.000
1580	58.8	2.580	79.050
1581	55.9	2.580	79.100
1582	56.6	2.580	79.150
1583	59.3	2.580	79.200
1584	62.0	2.600	79.250
1585	58.8	2.600	79.301
1586	59.3	2.600	79.359
1587	56.0	2.600	79.400
1588	62.0	2.600	79.450
1589	58.9	2.600	79.500
1590	56.3	2.600	79.550
1591	56.7	2.600	79.600
1592	59.5	2.600	79.650
1593	63.0	2.600	79.700
1594	62.0	2.600	79.750
1595	55.8	2.600	79.800
1596	59.5	2.600	79.850
1597	62.2	2.600	79.900
1598	62.3	2.600	79.950
1599	59.3	2.600	80.000
1600	56.3	2.600	80.050
1601	59.7	2.600	80.100
1602	62.7	2.640	80.150
1603	59.8	2.640	80.200
1604	60.3	2.640	80.256
1605	60.2	2.640	80.300
1606	60.3	2.640	80.350
1607	63.3	2.640	80.400
1608	59.9	2.640	80.450
1609	56.8	2.640	80.500
1610	57.4	2.640	80.550
1611	60.5	2.640	80.600
1612	63.2	2.640	80.650
1613	60.2	2.640	80.700
1614	57.1	2.660	80.750
1615	60.5	2.660	80.800
1616	63.4	2.660	80.850
1617	60.5	2.660	80.900
1618	57.8	2.660	80.951
1619	63.4	2.660	81.000
1620	63.4	2.660	81.050
1621	64.4	2.660	81.101
1622	63.8	2.660	81.150
1623	57.6	2.660	81.200
1624	58.4	2.660	81.250
1625	61.3	2.660	81.300
1626	61.3	2.660	81.350
1627	63.7	2.660	81.400
1628	58.2	2.660	81.451
1629	57.8	2.660	81.500
1630	64.4	2.660	81.550
1631	61.1	2.680	81.600
1632	58.5	2.680	81.650
1633	57.7	2.680	81.700
1634	59.1	2.680	81.750
1635	64.3	2.680	81.801
1636	63.6	2.680	81.850
1637	57.6	2.680	81.900
1638	57.3	2.680	81.950
1639	63.7	2.680	82.000
1640	64.8	2.680	82.050
1641	60.8	2.680	82.100
1642	57.3	2.680	82.150
1643	61.4	2.700	82.200
1644	64.8	2.700	82.250
1645	64.2	2.700	82.300
1646	60.9	2.700	82.350
1647	57.9	2.700	82.400
1648	59.1	2.700	82.450
1649	64.7	2.700	82.500
1650	61.2	2.700	82.550
1651	58.3	2.700	82.600
1652	58.2	2.700	82.650
1653	61.8	2.700	82.700
1654	65.2	2.700	82.750
1655	61.3	2.700	82.800
1656	57.6	2.700	82.850
1657	61.8	2.700	82.900
1658	64.5	2.700	82.950
1659	64.7	2.700	83.000
1660	61.5	2.700	83.050
1661	58.2	2.700	83.100
1662	59.6	2.740	83.150
1663	65.7	2.740	83.200
1664	64.7	2.740	83.250
1665	61.6	2.740	83.300
1666	58.2	2.740	83.350
1667	62.3	2.740	83.400
1668	65.5	2.740	83.450
1669	61.8	2.740	83.500
1670	58.5	2.740	83.550
1671	62.3	2.740	83.600
1672	65.1	2.740	83.650
1673	65.1	2.760	83.700
1674	62.2	2.760	83.750
1675	58.5	2.760	83.800
1676	58.7	2.760	83.850
1677	66.2	2.760	83.901
1678	66.1	2.760	83.950
1679	58.8	2.760	84.000
1680	59.1	2.760	84.050
1681	63.0	2.760	84.100
1682	63.1	2.760	84.150
1683	62.5	2.760	84.201
1684	59.9	2.760	84.251
1685	59.6	2.760	84.301
1686	63.3	2.760	84.351
1687	66.8	2.760	84.400
1688	62.7	2.760	84.450
1689	59.6	2.760	84.500
1690	63.5	2.780	84.550
1691	67.2	2.780	84.600
1692	65.7	2.780	84.650
1693	60.4	2.780	84.700
1694	60.7	2.780	84.750
1695	63.5	2.780	84.800
1696	65.8	2.780	84.851
1697	63.4	2.780	84.900
1698	60.0	2.780	84.950
1699	63.7	2.780	85.000
1700	66.6	2.780	85.051
1701	66.7	2.780	85.100
1702	63.4	2.800	85.150
1703	60.0	2.800	85.200
1704	61.0	2.800	85.250
1705	67.9	2.800	85.300
1706	65.9	2.800	85.350
1707	60.5	2.800	85.401
1708	60.4	2.800	85.450
1709	63.7	2.800	85.501
1710	64.6	2.800	85.551
1711	65.5	2.800	85.600
1712	58.1	2.800	85.650
1713	62.1	2.800	85.700
1714	65.2	2.800	85.750
1715	64.9	2.800	85.800
1716	61.9	2.800	85.850
1717	58.4	2.800	85.900
1718	62.4	2.800	85.950
1719	65.3	2.800	86.000
1720	62.3	2.800	86.050
1721	62.2	2.840	86.100
1722	58.7	2.840	86.150
1723	62.4	2.840	86.250
1724	66.7	2.840	86.300
1725	58.9	2.840	86.360
1726	62.5	2.840	86.400
1727	62.5	2.840	86.450
1728	66.1	2.840	86.500
1729	62.6	2.840	86.550
1730	59.0	2.840	86.600
1731	59.0	2.840	86.650
1732	66.1	2.840	86.700
1733	66.6	2.840	86.750
1734	60.0	2.840	86.800
1735	60.9	2.840	86.850
1736	63.6	2.840	86.900
1737	67.3	2.860	86.950
1738	63.2	2.860	87.000
1739	63.1	2.860	87.050
1740	63.5	2.860	87.100
1741	63.7	2.860	87.150
1742	66.1	2.860	87.200
1743	63.4	2.860	87.250
1744	60.3	2.860	87.300
1745	61.4	2.860	87.350
1746	66.7	2.860	87.400
1747	67.0	2.860	87.450
1748	63.4	2.860	87.501
1749	60.2	2.860	87.550
1750	64.0	2.880	87.600
1751	67.4	2.880	87.650
1752	63.7	2.880	87.700
1753	60.1	2.880	87.750
1754	60.6	2.880	87.800
1755	64.3	2.880	87.850
1756	61.1	2.880	87.900
1757	63.8	2.880	87.950
1758	60.6	2.880	88.000
1759	61.2	2.880	88.050
1760	68.0	2.880	88.100
1761	66.8	2.880	88.150
1762	63.9	2.880	88.200
1763	60.4	2.880	88.250
1764	64.4	2.880	88.300
1765	67.2	2.880	88.350
1766	64.3	2.880	88.400
1767	64.1	2.880	88.450
1768	61.6	2.920	88.500
1769	64.8	2.920	88.550
1770	68.5	2.920	88.600
1771	64.3	2.920	88.650
1772	61.1	2.920	88.700
1773	61.9	2.920	88.750
1774	64.9	2.920	88.800
1775	68.0	2.920	88.850
1776	64.4	2.920	88.900
1777	60.8	2.920	88.951
1778	62.1	2.920	89.000
1779	68.5	2.920	89.050
1780	67.1	2.940	89.100
1781	62.2	2.940	89.150
1782	61.7	2.940	89.200
1783	65.1	2.940	89.250
1784	68.7	2.940	89.301
1785	67.6	2.940	89.350
1786	61.3	2.940	89.400
1787	62.5	2.940	89.450
1788	65.2	2.940	89.500
1789	67.9	2.940	89.550
1790	64.9	2.940	89.600
1791	64.8	2.940	89.650
1792	65.3	2.940	89.700
1793	68.6	2.940	89.750
1794	67.8	2.940	89.800
1795	65.0	2.940	89.850
1796	61.6	2.940	89.900
1797	65.4	2.940	89.951
1798	67.8	2.960	90.000
1799	65.3	2.960	90.050
1800	65.1	2.960	90.100
1801	63.1	2.960	90.150
1802	65.8	2.960	90.200
1803	69.1	2.960	90.252
1804	69.0	2.960	90.300
1805	62.1	2.960	90.350
1806	65.3	2.960	90.400
1807	69.2	2.960	90.450
1808	68.4	2.960	90.500
1809	65.3	2.960	90.550
1810	62.2	2.980	90.600
1811	65.7	2.980	90.651
1812	65.9	2.980	90.700
1813	65.6	2.980	90.750
1814	63.1	2.980	90.800
1815	63.4	2.980	90.850
1816	66.0	2.980	90.900
1817	69.5	2.980	90.951
1818	68.0	2.980	91.000
1819	62.7	2.980	91.050
1820	65.9	2.980	91.100
1821	66.1	2.980	91.150
1822	69.1	2.980	91.200
1823	65.6	2.980	91.250
1824	62.4	2.980	91.300
1825	62.8	2.980	91.350
1826	68.5	2.980	91.400
1827	65.9	3.020	91.450
1828	65.7	3.020	91.500
1829	65.7	3.020	91.601
1830	64.6	3.020	91.650
1831	62.6	3.020	91.750
1832	62.8	3.020	91.800
1833	63.1	3.020	91.850
1834	62.9	3.020	91.900
1835	62.8	3.020	91.950
1836	60.8	3.020	92.000
1837	63.2	3.040	92.051
1838	65.9	3.040	92.100
1839	63.0	3.040	92.150
1840	60.3	3.040	92.200
1841	60.9	3.040	92.250
1842	63.5	3.040	92.301
1843	63.6	3.040	92.350
1844	63.3	3.040	92.400
1845	60.7	3.040	92.450
1846	63.7	3.040	92.500
1847	66.2	3.040	92.550
1848	63.7	3.040	92.600
1849	63.5	3.040	92.650
1850	61.0	3.040	92.700
1851	63.8	3.040	92.750
1852	61.3	3.040	92.800
1853	61.0	3.040	92.850
1854	60.8	3.040	92.900
1855	61.0	3.040	92.950
1856	61.3	3.060	93.000
1857	61.3	3.060	93.050
1858	61.2	3.060	93.100
1859	61.2	3.060	93.150
1860	61.4	3.060	93.200
1861	61.6	3.060	93.250
1862	64.1	3.060	93.300
1863	61.4	3.060	93.350
1864	59.1	3.060	93.401
1865	61.8	3.060	93.450
1866	61.9	3.060	93.500
1867	61.9	3.060	93.550
1868	61.7	3.080	93.600
1869	62.0	3.080	93.650
1870	62.1	3.080	93.700
1871	64.4	3.080	93.750
1872	62.1	3.080	93.800
1873	62.1	3.080	93.850
1874	62.3	3.080	93.900
1875	62.6	3.080	93.950
1876	62.5	3.080	94.000
1877	62.5	3.080	94.050
1878	62.5	3.080	94.100
1879	62.6	3.080	94.151
1880	62.9	3.080	94.200
1881	62.8	3.080	94.250
1882	62.8	3.080	94.300
1883	62.9	3.080	94.350
1884	63.1	3.080	94.400
1885	63.3	3.080	94.450
1886	63.1	3.120	94.500
1887	60.7	3.120	94.550
1888	63.3	3.120	94.600
1889	63.5	3.120	94.650
1890	63.5	3.120	94.700
1891	63.4	3.120	94.750
1892	63.3	3.120	94.800
1893	63.6	3.120	94.850
1894	66.0	3.120	94.900
1895	63.8	3.120	94.950
1896	63.6	3.120	95.000
1897	63.7	3.140	95.050
1898	64.0	3.140	95.100
1899	66.3	3.140	95.151
1900	64.1	3.140	95.200
1901	64.0	3.140	95.250
1902	64.0	3.140	95.301
1903	64.3	3.140	95.350
1904	64.3	3.140	95.400
1905	64.2	3.140	95.450
1906	64.2	3.140	95.501
1907	64.4	3.140	95.550
1908	64.6	3.140	95.600
1909	64.7	3.140	95.650
1910	64.5	3.140	95.700
1911	64.4	3.140	95.750
1912	64.8	3.140	95.800
1913	64.9	3.140	95.850
1914	64.8	3.140	95.900
1915	64.8	3.160	95.950
1916	64.8	3.160	96.000
1917	65.2	3.160	96.050
1918	65.2	3.160	96.100
1919	65.1	3.160	96.150
1920	65.0	3.160	96.200
1921	65.1	3.160	96.250
1922	65.4	3.160	96.300
1923	65.4	3.160	96.350
1924	65.2	3.160	96.400
1925	65.3	3.160	96.450
1926	65.4	3.160	96.500
1927	65.6	3.160	96.550
1928	65.5	3.160	96.600
1929	65.5	3.160	96.651
1930	65.5	3.160	96.700
1931	65.8	3.160	96.750
1932	65.8	3.200	96.800
1933	65.8	3.200	96.850
1934	65.7	3.200	96.900
1935	65.8	3.200	96.950
1936	66.1	3.200	97.000
1937	66.0	3.200	97.050
1938	65.9	3.200	97.100
1939	65.9	3.200	97.151
1940	66.0	3.200	97.200
1941	66.3	3.200	97.250
1942	66.2	3.200	97.300
1943	66.1	3.200	97.350
1944	66.2	3.220	97.401
1945	66.2	3.220	97.450
1946	66.3	3.220	97.550
1947	66.3	3.220	97.600
1948	66.5	3.220	97.650
1949	66.6	3.220	97.700
1950	66.6	3.220	97.750
1951	66.5	3.220	97.800
1952	66.5	3.220	97.850
1953	66.7	3.220	97.900
1954	66.9	3.220	97.950
1955	66.9	3.220	98.000
1956	66.6	3.220	98.050
1957	66.7	3.220	98.100
1958	66.9	3.220	98.150
1959	67.0	3.220	98.200
1960	66.9	3.220	98.250
1961	66.9	3.240	98.300
1962	66.9	3.240	98.350
1963	67.1	3.240	98.400
1964	67.2	3.240	98.450
1965	67.0	3.240	98.500
1966	67.0	3.240	98.550
1967	67.1	3.240	98.600
1968	67.4	3.240	98.650
1969	67.3	3.240	98.700
1970	67.2	3.240	98.750
1971	67.2	3.240	98.800
1972	67.4	3.240	98.850
1973	67.5	3.260	98.900
1974	67.5	3.260	98.950
1975	67.4	3.260	99.050
1976	67.6	3.260	99.100
1977	67.4	3.260	99.201
1978	67.5	3.260	99.251
1979	67.7	3.260	99.308
1980	67.8	3.260	99.350
1981	67.8	3.260	99.404
1982	67.8	3.260	99.450
1983	67.6	3.260	99.500
1984	67.8	3.260	99.550
1985	68.0	3.260	99.601
1986	68.0	3.260	99.650
1987	67.8	3.260	99.700
1988	67.9	3.260	99.750
1989	68.1	3.300	99.801
1990	68.2	3.300	99.850
1991	68.0	3.300	99.900
1992	68.0	3.300	99.950
1993	68.0	3.300	100.000
1994	68.2	3.300	100.050
1995	68.3	3.300	100.101
1996	68.2	3.300	100.150
1997	68.2	3.300	100.200
1998	68.3	3.300	100.250
1999	68.4	3.300	100.300
2000	68.5	3.320	100.350
2001	68.3	3.320	100.400
2002	68.3	3.320	100.450
2003	68.5	3.320	100.500
2004	68.5	3.320	100.550
2005	68.6	3.320	100.601
2006	68.5	3.320	100.650
2007	68.5	3.320	100.700
2008	68.6	3.320	100.750
2009	68.8	3.320	100.800
2010	68.6	3.320	100.850
2011	68.6	3.320	100.900
2012	68.7	3.320	100.950
2013	68.9	3.320	101.000
2014	68.9	3.320	101.050
2015	68.8	3.320	101.100
2016	68.8	3.320	101.150
2017	68.8	3.320	101.200
2018	68.9	3.340	101.251
2019	68.9	3.340	101.300
2020	68.8	3.340	101.350
2021	68.9	3.340	101.400
2022	69.0	3.340	101.450
2023	69.1	3.340	101.500
2024	69.1	3.340	101.550
2025	68.9	3.340	101.600
2026	69.0	3.340	101.651
2027	69.2	3.340	101.700
2028	69.2	3.340	101.750
2029	69.2	3.340	101.800
2030	69.1	3.360	101.850
2031	69.2	3.360	101.900
2032	69.4	3.360	101.950
2033	69.3	3.360	102.000
2034	69.2	3.360	102.051
2035	69.2	3.360	102.100
2036	69.5	3.360	102.150
2037	69.5	3.360	102.200
2038	69.3	3.360	102.250
2039	69.3	3.360	102.300
2040	69.4	3.360	102.350
2041	69.5	3.360	102.400
2042	69.5	3.360	102.450
2043	69.4	3.360	102.500
2044	69.4	3.360	102.551
2045	69.5	3.360	102.600
2046	69.6	3.360	102.650
2047	69.6	3.360	102.700
2048	69.4	3.400	102.750
2049	69.4	3.400	102.800
2050	69.6	3.400	102.850
2051	69.7	3.400	102.900
2052	69.6	3.400	102.951
2053	69.6	3.400	103.000
2054	69.6	3.400	103.050
2055	69.7	3.400	103.100
2056	69.7	3.400	103.150
2057	69.5	3.400	103.200
2058	69.5	3.400	103.250
2059	69.6	3.400	103.300
2060	69.7	3.420	103.350
2061	69.7	3.420	103.400
2062	69.6	3.420	103.450
2063	69.5	3.420	103.500
2064	69.6	3.420	103.550
2065	69.6	3.420	103.600
2066	69.6	3.420	103.650
2067	69.5	3.420	103.700
2068	69.5	3.420	103.750
2069	69.6	3.420	103.800
2070	69.6	3.420	103.850
2071	69.5	3.420	103.900
2072	69.3	3.420	103.950
2073	69.5	3.420	104.000
2074	69.5	3.420	104.050
2075	69.5	3.420	104.101
2076	69.4	3.420	104.150
2077	69.3	3.420	104.200
2078	69.5	3.440	104.250
2079	69.4	3.440	104.300
2080	69.4	3.440	104.350
2081	69.3	3.440	104.401
2082	69.3	3.440	104.450
2083	69.4	3.440	104.500
2084	69.4	3.440	104.550
2085	69.2	3.440	104.600
2086	69.1	3.440	104.650
2087	69.2	3.440	104.700
2088	69.2	3.440	104.750
2089	69.2	3.440	104.801
2090	69.1	3.460	104.851
2091	69.0	3.460	104.900
2092	69.1	3.460	104.950
2093	69.1	3.460	105.000
2094	69.1	3.460	105.050
2095	68.9	3.460	105.100
2096	68.7	3.460	105.151
2097	68.9	3.460	105.200
2098	68.8	3.460	105.250
2099	68.7	3.460	105.300
2100	68.6	3.460	105.350
2101	68.6	3.460	105.400
2102	68.7	3.460	105.450
2103	68.5	3.460	105.500
2104	68.3	3.460	105.550
2105	68.2	3.460	105.600
2106	68.1	3.460	105.651
2107	67.9	3.460	105.700
2108	66.7	3.500	105.750
2109	11.7	3.500	105.800
2110	1.9	3.500	105.850
